2022-04-06 10:08:08.364 +08:00 [SkyWalking_GateWay] [Information] SkyApm.InstrumentStartup : Initializing ...
2022-04-06 10:08:08.390 +08:00 [SkyWalking_GateWay] [Information] SkyApm.Service.RegisterService : Loaded instrument service [SkyApm.Service.RegisterService].
2022-04-06 10:08:08.390 +08:00 [SkyWalking_GateWay] [Information] SkyApm.Service.PingService : Loaded instrument service [SkyApm.Service.PingService].
2022-04-06 10:08:08.390 +08:00 [SkyWalking_GateWay] [Information] SkyApm.Service.SegmentReportService : Loaded instrument service [SkyApm.Service.SegmentReportService].
2022-04-06 10:08:08.391 +08:00 [SkyWalking_GateWay] [Information] SkyApm.Service.CLRStatsService : Loaded instrument service [SkyApm.Service.CLRStatsService].
2022-04-06 10:08:08.391 +08:00 [SkyWalking_GateWay] [Information] SkyApm.Sampling.SimpleCountSamplingInterceptor : Loaded instrument service [SkyApm.Sampling.SimpleCountSamplingInterceptor].
2022-04-06 10:08:08.391 +08:00 [SkyWalking_GateWay] [Information] SkyApm.Transport.Grpc.ConnectService : Loaded instrument service [SkyApm.Transport.Grpc.ConnectService].
2022-04-06 10:08:08.413 +08:00 [SkyWalking_GateWay] [Information] SkyApm.Diagnostics.TracingDiagnosticProcessorObserver : Loaded diagnostic listener [Microsoft.AspNetCore].
2022-04-06 10:08:08.413 +08:00 [SkyWalking_GateWay] [Information] SkyApm.InstrumentStartup : Started SkyAPM .NET Core Agent.
2022-04-06 10:08:08.745 +08:00 [SkyWalking_GateWay] [Information] SkyApm.Diagnostics.TracingDiagnosticProcessorObserver : Loaded diagnostic listener [HttpHandlerDiagnosticListener].
2022-04-06 10:08:18.453 +08:00 [SkyWalking_GateWay] [Error] SkyApm.Transport.Grpc.ConnectionManager : Connect server timeout.
System.Threading.Tasks.TaskCanceledException: Reached deadline.
   at Grpc.Core.Channel.WaitForStateChangedAsync(ChannelState lastObservedState, Nullable`1 deadline)
   at Grpc.Core.Channel.ConnectAsync(Nullable`1 deadline)
   at SkyApm.Transport.Grpc.ConnectionManager.ConnectAsync()
2022-04-06 10:08:23.405 +08:00 [SkyWalking_GateWay] [Information] SkyApm.Transport.Grpc.ConnectionManager : Shutdown connection[192.168.200.104:11800].
2022-04-06 10:08:33.413 +08:00 [SkyWalking_GateWay] [Error] SkyApm.Transport.Grpc.ConnectionManager : Connect server timeout.
System.Threading.Tasks.TaskCanceledException: Reached deadline.
   at Grpc.Core.Channel.WaitForStateChangedAsync(ChannelState lastObservedState, Nullable`1 deadline)
   at Grpc.Core.Channel.ConnectAsync(Nullable`1 deadline)
   at SkyApm.Transport.Grpc.ConnectionManager.ConnectAsync()
2022-04-06 10:08:38.401 +08:00 [SkyWalking_GateWay] [Information] SkyApm.Transport.Grpc.ConnectionManager : Shutdown connection[192.168.200.104:11800].
2022-04-06 10:08:48.406 +08:00 [SkyWalking_GateWay] [Error] SkyApm.Transport.Grpc.ConnectionManager : Connect server timeout.
System.Threading.Tasks.TaskCanceledException: Reached deadline.
   at Grpc.Core.Channel.WaitForStateChangedAsync(ChannelState lastObservedState, Nullable`1 deadline)
   at Grpc.Core.Channel.ConnectAsync(Nullable`1 deadline)
   at SkyApm.Transport.Grpc.ConnectionManager.ConnectAsync()
2022-04-06 10:08:53.391 +08:00 [SkyWalking_GateWay] [Information] SkyApm.Transport.Grpc.ConnectionManager : Shutdown connection[192.168.200.104:11800].
2022-04-06 10:09:03.395 +08:00 [SkyWalking_GateWay] [Error] SkyApm.Transport.Grpc.ConnectionManager : Connect server timeout.
System.Threading.Tasks.TaskCanceledException: Reached deadline.
   at Grpc.Core.Channel.WaitForStateChangedAsync(ChannelState lastObservedState, Nullable`1 deadline)
   at Grpc.Core.Channel.ConnectAsync(Nullable`1 deadline)
   at SkyApm.Transport.Grpc.ConnectionManager.ConnectAsync()
2022-04-06 10:09:08.401 +08:00 [SkyWalking_GateWay] [Information] SkyApm.Transport.Grpc.ConnectionManager : Shutdown connection[192.168.200.104:11800].
2022-04-06 10:09:18.416 +08:00 [SkyWalking_GateWay] [Error] SkyApm.Transport.Grpc.ConnectionManager : Connect server timeout.
System.Threading.Tasks.TaskCanceledException: Reached deadline.
   at Grpc.Core.Channel.WaitForStateChangedAsync(ChannelState lastObservedState, Nullable`1 deadline)
   at Grpc.Core.Channel.ConnectAsync(Nullable`1 deadline)
   at SkyApm.Transport.Grpc.ConnectionManager.ConnectAsync()
2022-04-06 10:09:23.400 +08:00 [SkyWalking_GateWay] [Information] SkyApm.Transport.Grpc.ConnectionManager : Shutdown connection[192.168.200.104:11800].
2022-04-06 10:09:33.404 +08:00 [SkyWalking_GateWay] [Error] SkyApm.Transport.Grpc.ConnectionManager : Connect server timeout.
System.Threading.Tasks.TaskCanceledException: Reached deadline.
   at Grpc.Core.Channel.WaitForStateChangedAsync(ChannelState lastObservedState, Nullable`1 deadline)
   at Grpc.Core.Channel.ConnectAsync(Nullable`1 deadline)
   at SkyApm.Transport.Grpc.ConnectionManager.ConnectAsync()
2022-04-06 10:09:38.394 +08:00 [SkyWalking_GateWay] [Information] SkyApm.Transport.Grpc.ConnectionManager : Shutdown connection[192.168.200.104:11800].
2022-04-06 10:09:48.402 +08:00 [SkyWalking_GateWay] [Error] SkyApm.Transport.Grpc.ConnectionManager : Connect server timeout.
System.Threading.Tasks.TaskCanceledException: Reached deadline.
   at Grpc.Core.Channel.WaitForStateChangedAsync(ChannelState lastObservedState, Nullable`1 deadline)
   at Grpc.Core.Channel.ConnectAsync(Nullable`1 deadline)
   at SkyApm.Transport.Grpc.ConnectionManager.ConnectAsync()
2022-04-06 10:09:53.393 +08:00 [SkyWalking_GateWay] [Information] SkyApm.Transport.Grpc.ConnectionManager : Shutdown connection[192.168.200.104:11800].
2022-04-06 10:10:03.397 +08:00 [SkyWalking_GateWay] [Error] SkyApm.Transport.Grpc.ConnectionManager : Connect server timeout.
System.Threading.Tasks.TaskCanceledException: Reached deadline.
   at Grpc.Core.Channel.WaitForStateChangedAsync(ChannelState lastObservedState, Nullable`1 deadline)
   at Grpc.Core.Channel.ConnectAsync(Nullable`1 deadline)
   at SkyApm.Transport.Grpc.ConnectionManager.ConnectAsync()
2022-04-06 10:10:08.403 +08:00 [SkyWalking_GateWay] [Information] SkyApm.Transport.Grpc.ConnectionManager : Shutdown connection[192.168.200.104:11800].
2022-04-06 10:10:18.406 +08:00 [SkyWalking_GateWay] [Error] SkyApm.Transport.Grpc.ConnectionManager : Connect server timeout.
System.Threading.Tasks.TaskCanceledException: Reached deadline.
   at Grpc.Core.Channel.WaitForStateChangedAsync(ChannelState lastObservedState, Nullable`1 deadline)
   at Grpc.Core.Channel.ConnectAsync(Nullable`1 deadline)
   at SkyApm.Transport.Grpc.ConnectionManager.ConnectAsync()
2022-04-06 10:10:23.400 +08:00 [SkyWalking_GateWay] [Information] SkyApm.Transport.Grpc.ConnectionManager : Shutdown connection[192.168.200.104:11800].
2022-04-06 10:10:33.404 +08:00 [SkyWalking_GateWay] [Error] SkyApm.Transport.Grpc.ConnectionManager : Connect server timeout.
System.Threading.Tasks.TaskCanceledException: Reached deadline.
   at Grpc.Core.Channel.WaitForStateChangedAsync(ChannelState lastObservedState, Nullable`1 deadline)
   at Grpc.Core.Channel.ConnectAsync(Nullable`1 deadline)
   at SkyApm.Transport.Grpc.ConnectionManager.ConnectAsync()
2022-04-06 10:10:38.399 +08:00 [SkyWalking_GateWay] [Information] SkyApm.Transport.Grpc.ConnectionManager : Shutdown connection[192.168.200.104:11800].
2022-04-06 10:10:48.406 +08:00 [SkyWalking_GateWay] [Error] SkyApm.Transport.Grpc.ConnectionManager : Connect server timeout.
System.Threading.Tasks.TaskCanceledException: Reached deadline.
   at Grpc.Core.Channel.WaitForStateChangedAsync(ChannelState lastObservedState, Nullable`1 deadline)
   at Grpc.Core.Channel.ConnectAsync(Nullable`1 deadline)
   at SkyApm.Transport.Grpc.ConnectionManager.ConnectAsync()
2022-04-06 10:10:53.402 +08:00 [SkyWalking_GateWay] [Information] SkyApm.Transport.Grpc.ConnectionManager : Shutdown connection[192.168.200.104:11800].
2022-04-06 10:11:03.407 +08:00 [SkyWalking_GateWay] [Error] SkyApm.Transport.Grpc.ConnectionManager : Connect server timeout.
System.Threading.Tasks.TaskCanceledException: Reached deadline.
   at Grpc.Core.Channel.WaitForStateChangedAsync(ChannelState lastObservedState, Nullable`1 deadline)
   at Grpc.Core.Channel.ConnectAsync(Nullable`1 deadline)
   at SkyApm.Transport.Grpc.ConnectionManager.ConnectAsync()
2022-04-06 10:11:08.401 +08:00 [SkyWalking_GateWay] [Information] SkyApm.Transport.Grpc.ConnectionManager : Shutdown connection[192.168.200.104:11800].
2022-04-06 10:11:18.408 +08:00 [SkyWalking_GateWay] [Error] SkyApm.Transport.Grpc.ConnectionManager : Connect server timeout.
System.Threading.Tasks.TaskCanceledException: Reached deadline.
   at Grpc.Core.Channel.WaitForStateChangedAsync(ChannelState lastObservedState, Nullable`1 deadline)
   at Grpc.Core.Channel.ConnectAsync(Nullable`1 deadline)
   at SkyApm.Transport.Grpc.ConnectionManager.ConnectAsync()
2022-04-06 10:11:23.392 +08:00 [SkyWalking_GateWay] [Information] SkyApm.Transport.Grpc.ConnectionManager : Shutdown connection[192.168.200.104:11800].
2022-04-06 10:11:33.400 +08:00 [SkyWalking_GateWay] [Error] SkyApm.Transport.Grpc.ConnectionManager : Connect server timeout.
System.Threading.Tasks.TaskCanceledException: Reached deadline.
   at Grpc.Core.Channel.WaitForStateChangedAsync(ChannelState lastObservedState, Nullable`1 deadline)
   at Grpc.Core.Channel.ConnectAsync(Nullable`1 deadline)
   at SkyApm.Transport.Grpc.ConnectionManager.ConnectAsync()
2022-04-06 10:11:38.391 +08:00 [SkyWalking_GateWay] [Information] SkyApm.Transport.Grpc.ConnectionManager : Shutdown connection[192.168.200.104:11800].
2022-04-06 10:11:48.394 +08:00 [SkyWalking_GateWay] [Error] SkyApm.Transport.Grpc.ConnectionManager : Connect server timeout.
System.Threading.Tasks.TaskCanceledException: Reached deadline.
   at Grpc.Core.Channel.WaitForStateChangedAsync(ChannelState lastObservedState, Nullable`1 deadline)
   at Grpc.Core.Channel.ConnectAsync(Nullable`1 deadline)
   at SkyApm.Transport.Grpc.ConnectionManager.ConnectAsync()
2022-04-06 10:11:53.403 +08:00 [SkyWalking_GateWay] [Information] SkyApm.Transport.Grpc.ConnectionManager : Shutdown connection[192.168.200.104:11800].
2022-04-06 10:12:03.407 +08:00 [SkyWalking_GateWay] [Error] SkyApm.Transport.Grpc.ConnectionManager : Connect server timeout.
System.Threading.Tasks.TaskCanceledException: Reached deadline.
   at Grpc.Core.Channel.WaitForStateChangedAsync(ChannelState lastObservedState, Nullable`1 deadline)
   at Grpc.Core.Channel.ConnectAsync(Nullable`1 deadline)
   at SkyApm.Transport.Grpc.ConnectionManager.ConnectAsync()
2022-04-06 10:12:08.393 +08:00 [SkyWalking_GateWay] [Information] SkyApm.Transport.Grpc.ConnectionManager : Shutdown connection[192.168.200.104:11800].
2022-04-06 10:12:18.397 +08:00 [SkyWalking_GateWay] [Error] SkyApm.Transport.Grpc.ConnectionManager : Connect server timeout.
System.Threading.Tasks.TaskCanceledException: Reached deadline.
   at Grpc.Core.Channel.WaitForStateChangedAsync(ChannelState lastObservedState, Nullable`1 deadline)
   at Grpc.Core.Channel.ConnectAsync(Nullable`1 deadline)
   at SkyApm.Transport.Grpc.ConnectionManager.ConnectAsync()
2022-04-06 10:12:23.400 +08:00 [SkyWalking_GateWay] [Information] SkyApm.Transport.Grpc.ConnectionManager : Shutdown connection[192.168.200.104:11800].
2022-04-06 10:12:33.403 +08:00 [SkyWalking_GateWay] [Error] SkyApm.Transport.Grpc.ConnectionManager : Connect server timeout.
System.Threading.Tasks.TaskCanceledException: Reached deadline.
   at Grpc.Core.Channel.WaitForStateChangedAsync(ChannelState lastObservedState, Nullable`1 deadline)
   at Grpc.Core.Channel.ConnectAsync(Nullable`1 deadline)
   at SkyApm.Transport.Grpc.ConnectionManager.ConnectAsync()
2022-04-06 10:12:38.404 +08:00 [SkyWalking_GateWay] [Information] SkyApm.Transport.Grpc.ConnectionManager : Shutdown connection[192.168.200.104:11800].
2022-04-06 10:12:48.409 +08:00 [SkyWalking_GateWay] [Error] SkyApm.Transport.Grpc.ConnectionManager : Connect server timeout.
System.Threading.Tasks.TaskCanceledException: Reached deadline.
   at Grpc.Core.Channel.WaitForStateChangedAsync(ChannelState lastObservedState, Nullable`1 deadline)
   at Grpc.Core.Channel.ConnectAsync(Nullable`1 deadline)
   at SkyApm.Transport.Grpc.ConnectionManager.ConnectAsync()
2022-04-06 10:12:53.401 +08:00 [SkyWalking_GateWay] [Information] SkyApm.Transport.Grpc.ConnectionManager : Shutdown connection[192.168.200.104:11800].
2022-04-06 10:13:03.405 +08:00 [SkyWalking_GateWay] [Error] SkyApm.Transport.Grpc.ConnectionManager : Connect server timeout.
System.Threading.Tasks.TaskCanceledException: Reached deadline.
   at Grpc.Core.Channel.WaitForStateChangedAsync(ChannelState lastObservedState, Nullable`1 deadline)
   at Grpc.Core.Channel.ConnectAsync(Nullable`1 deadline)
   at SkyApm.Transport.Grpc.ConnectionManager.ConnectAsync()
2022-04-06 10:13:06.354 +08:00 [SkyWalking_GateWay] [Information] SkyApm.Service.RegisterService : Stopped instrument service RegisterService.
2022-04-06 10:13:06.355 +08:00 [SkyWalking_GateWay] [Information] SkyApm.Service.PingService : Stopped instrument service PingService.
2022-04-06 10:13:06.355 +08:00 [SkyWalking_GateWay] [Information] SkyApm.Service.SegmentReportService : Stopped instrument service SegmentReportService.
2022-04-06 10:13:06.355 +08:00 [SkyWalking_GateWay] [Information] SkyApm.Service.CLRStatsService : Stopped instrument service CLRStatsService.
2022-04-06 10:13:06.355 +08:00 [SkyWalking_GateWay] [Information] SkyApm.Sampling.SimpleCountSamplingInterceptor : Stopped instrument service SimpleCountSamplingInterceptor.
2022-04-06 10:13:06.355 +08:00 [SkyWalking_GateWay] [Information] SkyApm.Transport.Grpc.ConnectService : Stopped instrument service ConnectService.
2022-04-06 10:13:06.355 +08:00 [SkyWalking_GateWay] [Information] SkyApm.InstrumentStartup : Stopped SkyAPM .NET Core Agent.
2022-04-06 10:24:36.966 +08:00 [SkyWalking_GateWay] [Information] SkyApm.InstrumentStartup : Initializing ...
2022-04-06 10:24:36.991 +08:00 [SkyWalking_GateWay] [Information] SkyApm.Service.RegisterService : Loaded instrument service [SkyApm.Service.RegisterService].
2022-04-06 10:24:36.991 +08:00 [SkyWalking_GateWay] [Information] SkyApm.Service.PingService : Loaded instrument service [SkyApm.Service.PingService].
2022-04-06 10:24:36.991 +08:00 [SkyWalking_GateWay] [Information] SkyApm.Service.SegmentReportService : Loaded instrument service [SkyApm.Service.SegmentReportService].
2022-04-06 10:24:36.992 +08:00 [SkyWalking_GateWay] [Information] SkyApm.Service.CLRStatsService : Loaded instrument service [SkyApm.Service.CLRStatsService].
2022-04-06 10:24:36.992 +08:00 [SkyWalking_GateWay] [Information] SkyApm.Sampling.SimpleCountSamplingInterceptor : Loaded instrument service [SkyApm.Sampling.SimpleCountSamplingInterceptor].
2022-04-06 10:24:36.992 +08:00 [SkyWalking_GateWay] [Information] SkyApm.Transport.Grpc.ConnectService : Loaded instrument service [SkyApm.Transport.Grpc.ConnectService].
2022-04-06 10:24:37.011 +08:00 [SkyWalking_GateWay] [Information] SkyApm.Diagnostics.TracingDiagnosticProcessorObserver : Loaded diagnostic listener [Microsoft.AspNetCore].
2022-04-06 10:24:37.011 +08:00 [SkyWalking_GateWay] [Information] SkyApm.InstrumentStartup : Started SkyAPM .NET Core Agent.
2022-04-06 10:24:37.359 +08:00 [SkyWalking_GateWay] [Information] SkyApm.Diagnostics.TracingDiagnosticProcessorObserver : Loaded diagnostic listener [HttpHandlerDiagnosticListener].
2022-04-06 10:24:47.048 +08:00 [SkyWalking_GateWay] [Error] SkyApm.Transport.Grpc.ConnectionManager : Connect server timeout.
System.Threading.Tasks.TaskCanceledException: Reached deadline.
   at Grpc.Core.Channel.WaitForStateChangedAsync(ChannelState lastObservedState, Nullable`1 deadline)
   at Grpc.Core.Channel.ConnectAsync(Nullable`1 deadline)
   at SkyApm.Transport.Grpc.ConnectionManager.ConnectAsync()
2022-04-06 10:24:51.999 +08:00 [SkyWalking_GateWay] [Information] SkyApm.Transport.Grpc.ConnectionManager : Shutdown connection[192.168.200.104:11800].
2022-04-06 10:25:02.006 +08:00 [SkyWalking_GateWay] [Error] SkyApm.Transport.Grpc.ConnectionManager : Connect server timeout.
System.Threading.Tasks.TaskCanceledException: Reached deadline.
   at Grpc.Core.Channel.WaitForStateChangedAsync(ChannelState lastObservedState, Nullable`1 deadline)
   at Grpc.Core.Channel.ConnectAsync(Nullable`1 deadline)
   at SkyApm.Transport.Grpc.ConnectionManager.ConnectAsync()
2022-04-06 10:25:06.994 +08:00 [SkyWalking_GateWay] [Information] SkyApm.Transport.Grpc.ConnectionManager : Shutdown connection[192.168.200.104:11800].
2022-04-06 10:25:16.997 +08:00 [SkyWalking_GateWay] [Error] SkyApm.Transport.Grpc.ConnectionManager : Connect server timeout.
System.Threading.Tasks.TaskCanceledException: Reached deadline.
   at Grpc.Core.Channel.WaitForStateChangedAsync(ChannelState lastObservedState, Nullable`1 deadline)
   at Grpc.Core.Channel.ConnectAsync(Nullable`1 deadline)
   at SkyApm.Transport.Grpc.ConnectionManager.ConnectAsync()
2022-04-06 10:25:21.998 +08:00 [SkyWalking_GateWay] [Information] SkyApm.Transport.Grpc.ConnectionManager : Shutdown connection[192.168.200.104:11800].
2022-04-06 10:25:32.001 +08:00 [SkyWalking_GateWay] [Error] SkyApm.Transport.Grpc.ConnectionManager : Connect server timeout.
System.Threading.Tasks.TaskCanceledException: Reached deadline.
   at Grpc.Core.Channel.WaitForStateChangedAsync(ChannelState lastObservedState, Nullable`1 deadline)
   at Grpc.Core.Channel.ConnectAsync(Nullable`1 deadline)
   at SkyApm.Transport.Grpc.ConnectionManager.ConnectAsync()
2022-04-06 10:25:36.993 +08:00 [SkyWalking_GateWay] [Information] SkyApm.Transport.Grpc.ConnectionManager : Shutdown connection[192.168.200.104:11800].
2022-04-06 10:25:46.998 +08:00 [SkyWalking_GateWay] [Error] SkyApm.Transport.Grpc.ConnectionManager : Connect server timeout.
System.Threading.Tasks.TaskCanceledException: Reached deadline.
   at Grpc.Core.Channel.WaitForStateChangedAsync(ChannelState lastObservedState, Nullable`1 deadline)
   at Grpc.Core.Channel.ConnectAsync(Nullable`1 deadline)
   at SkyApm.Transport.Grpc.ConnectionManager.ConnectAsync()
2022-04-06 10:25:51.993 +08:00 [SkyWalking_GateWay] [Information] SkyApm.Transport.Grpc.ConnectionManager : Shutdown connection[192.168.200.104:11800].
2022-04-06 10:26:01.999 +08:00 [SkyWalking_GateWay] [Error] SkyApm.Transport.Grpc.ConnectionManager : Connect server timeout.
System.Threading.Tasks.TaskCanceledException: Reached deadline.
   at Grpc.Core.Channel.WaitForStateChangedAsync(ChannelState lastObservedState, Nullable`1 deadline)
   at Grpc.Core.Channel.ConnectAsync(Nullable`1 deadline)
   at SkyApm.Transport.Grpc.ConnectionManager.ConnectAsync()
2022-04-06 10:26:06.996 +08:00 [SkyWalking_GateWay] [Information] SkyApm.Transport.Grpc.ConnectionManager : Shutdown connection[192.168.200.104:11800].
2022-04-06 10:26:17.009 +08:00 [SkyWalking_GateWay] [Error] SkyApm.Transport.Grpc.ConnectionManager : Connect server timeout.
System.Threading.Tasks.TaskCanceledException: Reached deadline.
   at Grpc.Core.Channel.WaitForStateChangedAsync(ChannelState lastObservedState, Nullable`1 deadline)
   at Grpc.Core.Channel.ConnectAsync(Nullable`1 deadline)
   at SkyApm.Transport.Grpc.ConnectionManager.ConnectAsync()
2022-04-06 10:26:22.002 +08:00 [SkyWalking_GateWay] [Information] SkyApm.Transport.Grpc.ConnectionManager : Shutdown connection[192.168.200.104:11800].
2022-04-06 10:26:32.005 +08:00 [SkyWalking_GateWay] [Error] SkyApm.Transport.Grpc.ConnectionManager : Connect server timeout.
System.Threading.Tasks.TaskCanceledException: Reached deadline.
   at Grpc.Core.Channel.WaitForStateChangedAsync(ChannelState lastObservedState, Nullable`1 deadline)
   at Grpc.Core.Channel.ConnectAsync(Nullable`1 deadline)
   at SkyApm.Transport.Grpc.ConnectionManager.ConnectAsync()
2022-04-06 10:26:37.001 +08:00 [SkyWalking_GateWay] [Information] SkyApm.Transport.Grpc.ConnectionManager : Shutdown connection[192.168.200.104:11800].
2022-04-06 10:26:47.005 +08:00 [SkyWalking_GateWay] [Error] SkyApm.Transport.Grpc.ConnectionManager : Connect server timeout.
System.Threading.Tasks.TaskCanceledException: Reached deadline.
   at Grpc.Core.Channel.WaitForStateChangedAsync(ChannelState lastObservedState, Nullable`1 deadline)
   at Grpc.Core.Channel.ConnectAsync(Nullable`1 deadline)
   at SkyApm.Transport.Grpc.ConnectionManager.ConnectAsync()
2022-04-06 10:26:51.998 +08:00 [SkyWalking_GateWay] [Information] SkyApm.Transport.Grpc.ConnectionManager : Shutdown connection[192.168.200.104:11800].
2022-04-06 10:27:02.003 +08:00 [SkyWalking_GateWay] [Error] SkyApm.Transport.Grpc.ConnectionManager : Connect server timeout.
System.Threading.Tasks.TaskCanceledException: Reached deadline.
   at Grpc.Core.Channel.WaitForStateChangedAsync(ChannelState lastObservedState, Nullable`1 deadline)
   at Grpc.Core.Channel.ConnectAsync(Nullable`1 deadline)
   at SkyApm.Transport.Grpc.ConnectionManager.ConnectAsync()
2022-04-06 10:27:06.995 +08:00 [SkyWalking_GateWay] [Information] SkyApm.Transport.Grpc.ConnectionManager : Shutdown connection[192.168.200.104:11800].
2022-04-06 10:27:16.998 +08:00 [SkyWalking_GateWay] [Error] SkyApm.Transport.Grpc.ConnectionManager : Connect server timeout.
System.Threading.Tasks.TaskCanceledException: Reached deadline.
   at Grpc.Core.Channel.WaitForStateChangedAsync(ChannelState lastObservedState, Nullable`1 deadline)
   at Grpc.Core.Channel.ConnectAsync(Nullable`1 deadline)
   at SkyApm.Transport.Grpc.ConnectionManager.ConnectAsync()
2022-04-06 10:27:21.993 +08:00 [SkyWalking_GateWay] [Information] SkyApm.Transport.Grpc.ConnectionManager : Shutdown connection[192.168.200.104:11800].
2022-04-06 10:27:31.996 +08:00 [SkyWalking_GateWay] [Error] SkyApm.Transport.Grpc.ConnectionManager : Connect server timeout.
System.Threading.Tasks.TaskCanceledException: Reached deadline.
   at Grpc.Core.Channel.WaitForStateChangedAsync(ChannelState lastObservedState, Nullable`1 deadline)
   at Grpc.Core.Channel.ConnectAsync(Nullable`1 deadline)
   at SkyApm.Transport.Grpc.ConnectionManager.ConnectAsync()
2022-04-06 10:27:36.996 +08:00 [SkyWalking_GateWay] [Information] SkyApm.Transport.Grpc.ConnectionManager : Shutdown connection[192.168.200.104:11800].
2022-04-06 10:27:47.003 +08:00 [SkyWalking_GateWay] [Error] SkyApm.Transport.Grpc.ConnectionManager : Connect server timeout.
System.Threading.Tasks.TaskCanceledException: Reached deadline.
   at Grpc.Core.Channel.WaitForStateChangedAsync(ChannelState lastObservedState, Nullable`1 deadline)
   at Grpc.Core.Channel.ConnectAsync(Nullable`1 deadline)
   at SkyApm.Transport.Grpc.ConnectionManager.ConnectAsync()
2022-04-06 10:27:51.995 +08:00 [SkyWalking_GateWay] [Information] SkyApm.Transport.Grpc.ConnectionManager : Shutdown connection[192.168.200.104:11800].
2022-04-06 10:28:02.000 +08:00 [SkyWalking_GateWay] [Error] SkyApm.Transport.Grpc.ConnectionManager : Connect server timeout.
System.Threading.Tasks.TaskCanceledException: Reached deadline.
   at Grpc.Core.Channel.WaitForStateChangedAsync(ChannelState lastObservedState, Nullable`1 deadline)
   at Grpc.Core.Channel.ConnectAsync(Nullable`1 deadline)
   at SkyApm.Transport.Grpc.ConnectionManager.ConnectAsync()
2022-04-06 10:28:06.994 +08:00 [SkyWalking_GateWay] [Information] SkyApm.Transport.Grpc.ConnectionManager : Shutdown connection[192.168.200.104:11800].
2022-04-06 10:28:16.997 +08:00 [SkyWalking_GateWay] [Error] SkyApm.Transport.Grpc.ConnectionManager : Connect server timeout.
System.Threading.Tasks.TaskCanceledException: Reached deadline.
   at Grpc.Core.Channel.WaitForStateChangedAsync(ChannelState lastObservedState, Nullable`1 deadline)
   at Grpc.Core.Channel.ConnectAsync(Nullable`1 deadline)
   at SkyApm.Transport.Grpc.ConnectionManager.ConnectAsync()
2022-04-06 10:28:21.997 +08:00 [SkyWalking_GateWay] [Information] SkyApm.Transport.Grpc.ConnectionManager : Shutdown connection[192.168.200.104:11800].
2022-04-06 10:28:32.001 +08:00 [SkyWalking_GateWay] [Error] SkyApm.Transport.Grpc.ConnectionManager : Connect server timeout.
System.Threading.Tasks.TaskCanceledException: Reached deadline.
   at Grpc.Core.Channel.WaitForStateChangedAsync(ChannelState lastObservedState, Nullable`1 deadline)
   at Grpc.Core.Channel.ConnectAsync(Nullable`1 deadline)
   at SkyApm.Transport.Grpc.ConnectionManager.ConnectAsync()
2022-04-06 10:28:36.995 +08:00 [SkyWalking_GateWay] [Information] SkyApm.Transport.Grpc.ConnectionManager : Shutdown connection[192.168.200.104:11800].
2022-04-06 10:28:46.999 +08:00 [SkyWalking_GateWay] [Error] SkyApm.Transport.Grpc.ConnectionManager : Connect server timeout.
System.Threading.Tasks.TaskCanceledException: Reached deadline.
   at Grpc.Core.Channel.WaitForStateChangedAsync(ChannelState lastObservedState, Nullable`1 deadline)
   at Grpc.Core.Channel.ConnectAsync(Nullable`1 deadline)
   at SkyApm.Transport.Grpc.ConnectionManager.ConnectAsync()
2022-04-06 10:28:51.994 +08:00 [SkyWalking_GateWay] [Information] SkyApm.Transport.Grpc.ConnectionManager : Shutdown connection[192.168.200.104:11800].
2022-04-06 10:29:01.998 +08:00 [SkyWalking_GateWay] [Error] SkyApm.Transport.Grpc.ConnectionManager : Connect server timeout.
System.Threading.Tasks.TaskCanceledException: Reached deadline.
   at Grpc.Core.Channel.WaitForStateChangedAsync(ChannelState lastObservedState, Nullable`1 deadline)
   at Grpc.Core.Channel.ConnectAsync(Nullable`1 deadline)
   at SkyApm.Transport.Grpc.ConnectionManager.ConnectAsync()
2022-04-06 10:29:07.002 +08:00 [SkyWalking_GateWay] [Information] SkyApm.Transport.Grpc.ConnectionManager : Shutdown connection[192.168.200.104:11800].
2022-04-06 10:29:17.005 +08:00 [SkyWalking_GateWay] [Error] SkyApm.Transport.Grpc.ConnectionManager : Connect server timeout.
System.Threading.Tasks.TaskCanceledException: Reached deadline.
   at Grpc.Core.Channel.WaitForStateChangedAsync(ChannelState lastObservedState, Nullable`1 deadline)
   at Grpc.Core.Channel.ConnectAsync(Nullable`1 deadline)
   at SkyApm.Transport.Grpc.ConnectionManager.ConnectAsync()
2022-04-06 10:29:22.002 +08:00 [SkyWalking_GateWay] [Information] SkyApm.Transport.Grpc.ConnectionManager : Shutdown connection[192.168.200.104:11800].
2022-04-06 10:29:32.006 +08:00 [SkyWalking_GateWay] [Error] SkyApm.Transport.Grpc.ConnectionManager : Connect server timeout.
System.Threading.Tasks.TaskCanceledException: Reached deadline.
   at Grpc.Core.Channel.WaitForStateChangedAsync(ChannelState lastObservedState, Nullable`1 deadline)
   at Grpc.Core.Channel.ConnectAsync(Nullable`1 deadline)
   at SkyApm.Transport.Grpc.ConnectionManager.ConnectAsync()
2022-04-06 10:29:37.002 +08:00 [SkyWalking_GateWay] [Information] SkyApm.Transport.Grpc.ConnectionManager : Shutdown connection[192.168.200.104:11800].
2022-04-06 10:29:47.007 +08:00 [SkyWalking_GateWay] [Error] SkyApm.Transport.Grpc.ConnectionManager : Connect server timeout.
System.Threading.Tasks.TaskCanceledException: Reached deadline.
   at Grpc.Core.Channel.WaitForStateChangedAsync(ChannelState lastObservedState, Nullable`1 deadline)
   at Grpc.Core.Channel.ConnectAsync(Nullable`1 deadline)
   at SkyApm.Transport.Grpc.ConnectionManager.ConnectAsync()
2022-04-06 10:29:51.995 +08:00 [SkyWalking_GateWay] [Information] SkyApm.Transport.Grpc.ConnectionManager : Shutdown connection[192.168.200.104:11800].
2022-04-06 10:30:01.999 +08:00 [SkyWalking_GateWay] [Error] SkyApm.Transport.Grpc.ConnectionManager : Connect server timeout.
System.Threading.Tasks.TaskCanceledException: Reached deadline.
   at Grpc.Core.Channel.WaitForStateChangedAsync(ChannelState lastObservedState, Nullable`1 deadline)
   at Grpc.Core.Channel.ConnectAsync(Nullable`1 deadline)
   at SkyApm.Transport.Grpc.ConnectionManager.ConnectAsync()
2022-04-06 10:30:06.996 +08:00 [SkyWalking_GateWay] [Information] SkyApm.Transport.Grpc.ConnectionManager : Shutdown connection[192.168.200.104:11800].
2022-04-06 10:30:17.001 +08:00 [SkyWalking_GateWay] [Error] SkyApm.Transport.Grpc.ConnectionManager : Connect server timeout.
System.Threading.Tasks.TaskCanceledException: Reached deadline.
   at Grpc.Core.Channel.WaitForStateChangedAsync(ChannelState lastObservedState, Nullable`1 deadline)
   at Grpc.Core.Channel.ConnectAsync(Nullable`1 deadline)
   at SkyApm.Transport.Grpc.ConnectionManager.ConnectAsync()
2022-04-06 10:30:21.998 +08:00 [SkyWalking_GateWay] [Information] SkyApm.Transport.Grpc.ConnectionManager : Shutdown connection[192.168.200.104:11800].
2022-04-06 10:30:29.234 +08:00 [SkyWalking_GateWay] [Information] SkyApm.Service.RegisterService : Stopped instrument service RegisterService.
2022-04-06 10:30:29.234 +08:00 [SkyWalking_GateWay] [Information] SkyApm.Service.PingService : Stopped instrument service PingService.
2022-04-06 10:30:29.235 +08:00 [SkyWalking_GateWay] [Information] SkyApm.Service.SegmentReportService : Stopped instrument service SegmentReportService.
2022-04-06 10:30:29.235 +08:00 [SkyWalking_GateWay] [Information] SkyApm.Service.CLRStatsService : Stopped instrument service CLRStatsService.
2022-04-06 10:30:29.235 +08:00 [SkyWalking_GateWay] [Information] SkyApm.Sampling.SimpleCountSamplingInterceptor : Stopped instrument service SimpleCountSamplingInterceptor.
2022-04-06 10:30:29.235 +08:00 [SkyWalking_GateWay] [Information] SkyApm.Transport.Grpc.ConnectService : Stopped instrument service ConnectService.
2022-04-06 10:30:29.235 +08:00 [SkyWalking_GateWay] [Information] SkyApm.InstrumentStartup : Stopped SkyAPM .NET Core Agent.
