2022-04-06 09:38:31.816 +08:00 [SkyWalking_Order] [Information] SkyApm.InstrumentStartup : Initializing ...
2022-04-06 09:38:31.879 +08:00 [SkyWalking_Order] [Information] SkyApm.Service.RegisterService : Loaded instrument service [SkyApm.Service.RegisterService].
2022-04-06 09:38:31.884 +08:00 [SkyWalking_Order] [Information] SkyApm.Service.PingService : Loaded instrument service [SkyApm.Service.PingService].
2022-04-06 09:38:31.884 +08:00 [SkyWalking_Order] [Information] SkyApm.Service.SegmentReportService : Loaded instrument service [SkyApm.Service.SegmentReportService].
2022-04-06 09:38:31.884 +08:00 [SkyWalking_Order] [Information] SkyApm.Service.CLRStatsService : Loaded instrument service [SkyApm.Service.CLRStatsService].
2022-04-06 09:38:31.885 +08:00 [SkyWalking_Order] [Information] SkyApm.Sampling.SimpleCountSamplingInterceptor : Loaded instrument service [SkyApm.Sampling.SimpleCountSamplingInterceptor].
2022-04-06 09:38:31.886 +08:00 [SkyWalking_Order] [Information] SkyApm.Transport.Grpc.ConnectService : Loaded instrument service [SkyApm.Transport.Grpc.ConnectService].
2022-04-06 09:38:31.932 +08:00 [SkyWalking_Order] [Information] SkyApm.Diagnostics.TracingDiagnosticProcessorObserver : Loaded diagnostic listener [Microsoft.AspNetCore].
2022-04-06 09:38:31.932 +08:00 [SkyWalking_Order] [Information] SkyApm.InstrumentStartup : Started SkyAPM .NET Core Agent.
2022-04-06 09:38:32.020 +08:00 [SkyWalking_Order] [Information] SkyApm.Diagnostics.TracingDiagnosticProcessorObserver : Loaded diagnostic listener [HttpHandlerDiagnosticListener].
2022-04-06 09:38:42.025 +08:00 [SkyWalking_Order] [Error] SkyApm.Transport.Grpc.ConnectionManager : Connect server timeout.
System.Threading.Tasks.TaskCanceledException: Reached deadline.
   at Grpc.Core.Channel.WaitForStateChangedAsync(ChannelState lastObservedState, Nullable`1 deadline)
   at Grpc.Core.Channel.ConnectAsync(Nullable`1 deadline)
   at SkyApm.Transport.Grpc.ConnectionManager.ConnectAsync()
2022-04-06 09:38:46.908 +08:00 [SkyWalking_Order] [Information] SkyApm.Transport.Grpc.ConnectionManager : Shutdown connection[192.168.200.104:11800].
2022-04-06 09:38:56.921 +08:00 [SkyWalking_Order] [Error] SkyApm.Transport.Grpc.ConnectionManager : Connect server timeout.
System.Threading.Tasks.TaskCanceledException: Reached deadline.
   at Grpc.Core.Channel.WaitForStateChangedAsync(ChannelState lastObservedState, Nullable`1 deadline)
   at Grpc.Core.Channel.ConnectAsync(Nullable`1 deadline)
   at SkyApm.Transport.Grpc.ConnectionManager.ConnectAsync()
2022-04-06 09:39:01.898 +08:00 [SkyWalking_Order] [Information] SkyApm.Transport.Grpc.ConnectionManager : Shutdown connection[192.168.200.104:11800].
2022-04-06 09:39:11.911 +08:00 [SkyWalking_Order] [Error] SkyApm.Transport.Grpc.ConnectionManager : Connect server timeout.
System.Threading.Tasks.TaskCanceledException: Reached deadline.
   at Grpc.Core.Channel.WaitForStateChangedAsync(ChannelState lastObservedState, Nullable`1 deadline)
   at Grpc.Core.Channel.ConnectAsync(Nullable`1 deadline)
   at SkyApm.Transport.Grpc.ConnectionManager.ConnectAsync()
2022-04-06 09:39:16.899 +08:00 [SkyWalking_Order] [Information] SkyApm.Transport.Grpc.ConnectionManager : Shutdown connection[192.168.200.104:11800].
2022-04-06 09:39:26.910 +08:00 [SkyWalking_Order] [Error] SkyApm.Transport.Grpc.ConnectionManager : Connect server timeout.
System.Threading.Tasks.TaskCanceledException: Reached deadline.
   at Grpc.Core.Channel.WaitForStateChangedAsync(ChannelState lastObservedState, Nullable`1 deadline)
   at Grpc.Core.Channel.ConnectAsync(Nullable`1 deadline)
   at SkyApm.Transport.Grpc.ConnectionManager.ConnectAsync()
2022-04-06 09:39:31.897 +08:00 [SkyWalking_Order] [Information] SkyApm.Transport.Grpc.ConnectionManager : Shutdown connection[192.168.200.104:11800].
2022-04-06 09:39:41.909 +08:00 [SkyWalking_Order] [Error] SkyApm.Transport.Grpc.ConnectionManager : Connect server timeout.
System.Threading.Tasks.TaskCanceledException: Reached deadline.
   at Grpc.Core.Channel.WaitForStateChangedAsync(ChannelState lastObservedState, Nullable`1 deadline)
   at Grpc.Core.Channel.ConnectAsync(Nullable`1 deadline)
   at SkyApm.Transport.Grpc.ConnectionManager.ConnectAsync()
2022-04-06 09:39:46.909 +08:00 [SkyWalking_Order] [Information] SkyApm.Transport.Grpc.ConnectionManager : Shutdown connection[192.168.200.104:11800].
2022-04-06 09:39:56.921 +08:00 [SkyWalking_Order] [Error] SkyApm.Transport.Grpc.ConnectionManager : Connect server timeout.
System.Threading.Tasks.TaskCanceledException: Reached deadline.
   at Grpc.Core.Channel.WaitForStateChangedAsync(ChannelState lastObservedState, Nullable`1 deadline)
   at Grpc.Core.Channel.ConnectAsync(Nullable`1 deadline)
   at SkyApm.Transport.Grpc.ConnectionManager.ConnectAsync()
2022-04-06 09:40:01.898 +08:00 [SkyWalking_Order] [Information] SkyApm.Transport.Grpc.ConnectionManager : Shutdown connection[192.168.200.104:11800].
2022-04-06 09:40:11.907 +08:00 [SkyWalking_Order] [Error] SkyApm.Transport.Grpc.ConnectionManager : Connect server timeout.
System.Threading.Tasks.TaskCanceledException: Reached deadline.
   at Grpc.Core.Channel.WaitForStateChangedAsync(ChannelState lastObservedState, Nullable`1 deadline)
   at Grpc.Core.Channel.ConnectAsync(Nullable`1 deadline)
   at SkyApm.Transport.Grpc.ConnectionManager.ConnectAsync()
2022-04-06 09:40:16.921 +08:00 [SkyWalking_Order] [Information] SkyApm.Transport.Grpc.ConnectionManager : Shutdown connection[192.168.200.104:11800].
2022-04-06 09:40:26.933 +08:00 [SkyWalking_Order] [Error] SkyApm.Transport.Grpc.ConnectionManager : Connect server timeout.
System.Threading.Tasks.TaskCanceledException: Reached deadline.
   at Grpc.Core.Channel.WaitForStateChangedAsync(ChannelState lastObservedState, Nullable`1 deadline)
   at Grpc.Core.Channel.ConnectAsync(Nullable`1 deadline)
   at SkyApm.Transport.Grpc.ConnectionManager.ConnectAsync()
2022-04-06 09:40:31.910 +08:00 [SkyWalking_Order] [Information] SkyApm.Transport.Grpc.ConnectionManager : Shutdown connection[192.168.200.104:11800].
2022-04-06 09:40:41.920 +08:00 [SkyWalking_Order] [Error] SkyApm.Transport.Grpc.ConnectionManager : Connect server timeout.
System.Threading.Tasks.TaskCanceledException: Reached deadline.
   at Grpc.Core.Channel.WaitForStateChangedAsync(ChannelState lastObservedState, Nullable`1 deadline)
   at Grpc.Core.Channel.ConnectAsync(Nullable`1 deadline)
   at SkyApm.Transport.Grpc.ConnectionManager.ConnectAsync()
2022-04-06 09:40:46.906 +08:00 [SkyWalking_Order] [Information] SkyApm.Transport.Grpc.ConnectionManager : Shutdown connection[192.168.200.104:11800].
2022-04-06 09:40:56.916 +08:00 [SkyWalking_Order] [Error] SkyApm.Transport.Grpc.ConnectionManager : Connect server timeout.
System.Threading.Tasks.TaskCanceledException: Reached deadline.
   at Grpc.Core.Channel.WaitForStateChangedAsync(ChannelState lastObservedState, Nullable`1 deadline)
   at Grpc.Core.Channel.ConnectAsync(Nullable`1 deadline)
   at SkyApm.Transport.Grpc.ConnectionManager.ConnectAsync()
2022-04-06 09:41:01.907 +08:00 [SkyWalking_Order] [Information] SkyApm.Transport.Grpc.ConnectionManager : Shutdown connection[192.168.200.104:11800].
2022-04-06 09:41:11.919 +08:00 [SkyWalking_Order] [Error] SkyApm.Transport.Grpc.ConnectionManager : Connect server timeout.
System.Threading.Tasks.TaskCanceledException: Reached deadline.
   at Grpc.Core.Channel.WaitForStateChangedAsync(ChannelState lastObservedState, Nullable`1 deadline)
   at Grpc.Core.Channel.ConnectAsync(Nullable`1 deadline)
   at SkyApm.Transport.Grpc.ConnectionManager.ConnectAsync()
2022-04-06 09:41:16.910 +08:00 [SkyWalking_Order] [Information] SkyApm.Transport.Grpc.ConnectionManager : Shutdown connection[192.168.200.104:11800].
2022-04-06 09:41:26.919 +08:00 [SkyWalking_Order] [Error] SkyApm.Transport.Grpc.ConnectionManager : Connect server timeout.
System.Threading.Tasks.TaskCanceledException: Reached deadline.
   at Grpc.Core.Channel.WaitForStateChangedAsync(ChannelState lastObservedState, Nullable`1 deadline)
   at Grpc.Core.Channel.ConnectAsync(Nullable`1 deadline)
   at SkyApm.Transport.Grpc.ConnectionManager.ConnectAsync()
2022-04-06 09:41:31.900 +08:00 [SkyWalking_Order] [Information] SkyApm.Transport.Grpc.ConnectionManager : Shutdown connection[192.168.200.104:11800].
2022-04-06 09:41:41.910 +08:00 [SkyWalking_Order] [Error] SkyApm.Transport.Grpc.ConnectionManager : Connect server timeout.
System.Threading.Tasks.TaskCanceledException: Reached deadline.
   at Grpc.Core.Channel.WaitForStateChangedAsync(ChannelState lastObservedState, Nullable`1 deadline)
   at Grpc.Core.Channel.ConnectAsync(Nullable`1 deadline)
   at SkyApm.Transport.Grpc.ConnectionManager.ConnectAsync()
2022-04-06 09:41:46.913 +08:00 [SkyWalking_Order] [Information] SkyApm.Transport.Grpc.ConnectionManager : Shutdown connection[192.168.200.104:11800].
2022-04-06 09:41:56.925 +08:00 [SkyWalking_Order] [Error] SkyApm.Transport.Grpc.ConnectionManager : Connect server timeout.
System.Threading.Tasks.TaskCanceledException: Reached deadline.
   at Grpc.Core.Channel.WaitForStateChangedAsync(ChannelState lastObservedState, Nullable`1 deadline)
   at Grpc.Core.Channel.ConnectAsync(Nullable`1 deadline)
   at SkyApm.Transport.Grpc.ConnectionManager.ConnectAsync()
2022-04-06 09:42:01.915 +08:00 [SkyWalking_Order] [Information] SkyApm.Transport.Grpc.ConnectionManager : Shutdown connection[192.168.200.104:11800].
2022-04-06 09:42:11.926 +08:00 [SkyWalking_Order] [Error] SkyApm.Transport.Grpc.ConnectionManager : Connect server timeout.
System.Threading.Tasks.TaskCanceledException: Reached deadline.
   at Grpc.Core.Channel.WaitForStateChangedAsync(ChannelState lastObservedState, Nullable`1 deadline)
   at Grpc.Core.Channel.ConnectAsync(Nullable`1 deadline)
   at SkyApm.Transport.Grpc.ConnectionManager.ConnectAsync()
2022-04-06 09:42:16.897 +08:00 [SkyWalking_Order] [Information] SkyApm.Transport.Grpc.ConnectionManager : Shutdown connection[192.168.200.104:11800].
2022-04-06 09:42:26.909 +08:00 [SkyWalking_Order] [Error] SkyApm.Transport.Grpc.ConnectionManager : Connect server timeout.
System.Threading.Tasks.TaskCanceledException: Reached deadline.
   at Grpc.Core.Channel.WaitForStateChangedAsync(ChannelState lastObservedState, Nullable`1 deadline)
   at Grpc.Core.Channel.ConnectAsync(Nullable`1 deadline)
   at SkyApm.Transport.Grpc.ConnectionManager.ConnectAsync()
2022-04-06 09:42:31.911 +08:00 [SkyWalking_Order] [Information] SkyApm.Transport.Grpc.ConnectionManager : Shutdown connection[192.168.200.104:11800].
2022-04-06 09:42:41.922 +08:00 [SkyWalking_Order] [Error] SkyApm.Transport.Grpc.ConnectionManager : Connect server timeout.
System.Threading.Tasks.TaskCanceledException: Reached deadline.
   at Grpc.Core.Channel.WaitForStateChangedAsync(ChannelState lastObservedState, Nullable`1 deadline)
   at Grpc.Core.Channel.ConnectAsync(Nullable`1 deadline)
   at SkyApm.Transport.Grpc.ConnectionManager.ConnectAsync()
2022-04-06 09:42:46.916 +08:00 [SkyWalking_Order] [Information] SkyApm.Transport.Grpc.ConnectionManager : Shutdown connection[192.168.200.104:11800].
2022-04-06 09:42:56.935 +08:00 [SkyWalking_Order] [Error] SkyApm.Transport.Grpc.ConnectionManager : Connect server timeout.
System.Threading.Tasks.TaskCanceledException: Reached deadline.
   at Grpc.Core.Channel.WaitForStateChangedAsync(ChannelState lastObservedState, Nullable`1 deadline)
   at Grpc.Core.Channel.ConnectAsync(Nullable`1 deadline)
   at SkyApm.Transport.Grpc.ConnectionManager.ConnectAsync()
2022-04-06 09:43:01.897 +08:00 [SkyWalking_Order] [Information] SkyApm.Transport.Grpc.ConnectionManager : Shutdown connection[192.168.200.104:11800].
2022-04-06 09:43:11.909 +08:00 [SkyWalking_Order] [Error] SkyApm.Transport.Grpc.ConnectionManager : Connect server timeout.
System.Threading.Tasks.TaskCanceledException: Reached deadline.
   at Grpc.Core.Channel.WaitForStateChangedAsync(ChannelState lastObservedState, Nullable`1 deadline)
   at Grpc.Core.Channel.ConnectAsync(Nullable`1 deadline)
   at SkyApm.Transport.Grpc.ConnectionManager.ConnectAsync()
2022-04-06 09:43:16.911 +08:00 [SkyWalking_Order] [Information] SkyApm.Transport.Grpc.ConnectionManager : Shutdown connection[192.168.200.104:11800].
2022-04-06 09:43:26.923 +08:00 [SkyWalking_Order] [Error] SkyApm.Transport.Grpc.ConnectionManager : Connect server timeout.
System.Threading.Tasks.TaskCanceledException: Reached deadline.
   at Grpc.Core.Channel.WaitForStateChangedAsync(ChannelState lastObservedState, Nullable`1 deadline)
   at Grpc.Core.Channel.ConnectAsync(Nullable`1 deadline)
   at SkyApm.Transport.Grpc.ConnectionManager.ConnectAsync()
2022-04-06 09:43:31.905 +08:00 [SkyWalking_Order] [Information] SkyApm.Transport.Grpc.ConnectionManager : Shutdown connection[192.168.200.104:11800].
2022-04-06 09:45:00.541 +08:00 [SkyWalking_Order] [Information] SkyApm.InstrumentStartup : Initializing ...
2022-04-06 09:45:00.575 +08:00 [SkyWalking_Order] [Information] SkyApm.Service.RegisterService : Loaded instrument service [SkyApm.Service.RegisterService].
2022-04-06 09:45:00.578 +08:00 [SkyWalking_Order] [Information] SkyApm.Service.PingService : Loaded instrument service [SkyApm.Service.PingService].
2022-04-06 09:45:00.578 +08:00 [SkyWalking_Order] [Information] SkyApm.Service.SegmentReportService : Loaded instrument service [SkyApm.Service.SegmentReportService].
2022-04-06 09:45:00.578 +08:00 [SkyWalking_Order] [Information] SkyApm.Service.CLRStatsService : Loaded instrument service [SkyApm.Service.CLRStatsService].
2022-04-06 09:45:00.578 +08:00 [SkyWalking_Order] [Information] SkyApm.Sampling.SimpleCountSamplingInterceptor : Loaded instrument service [SkyApm.Sampling.SimpleCountSamplingInterceptor].
2022-04-06 09:45:00.580 +08:00 [SkyWalking_Order] [Information] SkyApm.Transport.Grpc.ConnectService : Loaded instrument service [SkyApm.Transport.Grpc.ConnectService].
2022-04-06 09:45:00.618 +08:00 [SkyWalking_Order] [Information] SkyApm.Diagnostics.TracingDiagnosticProcessorObserver : Loaded diagnostic listener [Microsoft.AspNetCore].
2022-04-06 09:45:00.618 +08:00 [SkyWalking_Order] [Information] SkyApm.InstrumentStartup : Started SkyAPM .NET Core Agent.
2022-04-06 09:45:00.691 +08:00 [SkyWalking_Order] [Information] SkyApm.Diagnostics.TracingDiagnosticProcessorObserver : Loaded diagnostic listener [HttpHandlerDiagnosticListener].
2022-04-06 09:45:10.725 +08:00 [SkyWalking_Order] [Error] SkyApm.Transport.Grpc.ConnectionManager : Connect server timeout.
System.Threading.Tasks.TaskCanceledException: Reached deadline.
   at Grpc.Core.Channel.WaitForStateChangedAsync(ChannelState lastObservedState, Nullable`1 deadline)
   at Grpc.Core.Channel.ConnectAsync(Nullable`1 deadline)
   at SkyApm.Transport.Grpc.ConnectionManager.ConnectAsync()
2022-04-06 09:45:17.919 +08:00 [SkyWalking_Order] [Information] SkyApm.Transport.Grpc.ConnectionManager : Shutdown connection[192.168.200.104:11800].
2022-04-06 09:45:27.935 +08:00 [SkyWalking_Order] [Error] SkyApm.Transport.Grpc.ConnectionManager : Connect server timeout.
System.Threading.Tasks.TaskCanceledException: Reached deadline.
   at Grpc.Core.Channel.WaitForStateChangedAsync(ChannelState lastObservedState, Nullable`1 deadline)
   at Grpc.Core.Channel.ConnectAsync(Nullable`1 deadline)
   at SkyApm.Transport.Grpc.ConnectionManager.ConnectAsync()
2022-04-06 09:45:30.599 +08:00 [SkyWalking_Order] [Information] SkyApm.Transport.Grpc.ConnectionManager : Shutdown connection[192.168.200.104:11800].
2022-04-06 09:45:40.612 +08:00 [SkyWalking_Order] [Error] SkyApm.Transport.Grpc.ConnectionManager : Connect server timeout.
System.Threading.Tasks.TaskCanceledException: Reached deadline.
   at Grpc.Core.Channel.WaitForStateChangedAsync(ChannelState lastObservedState, Nullable`1 deadline)
   at Grpc.Core.Channel.ConnectAsync(Nullable`1 deadline)
   at SkyApm.Transport.Grpc.ConnectionManager.ConnectAsync()
2022-04-06 09:45:45.601 +08:00 [SkyWalking_Order] [Information] SkyApm.Transport.Grpc.ConnectionManager : Shutdown connection[192.168.200.104:11800].
2022-04-06 09:45:55.615 +08:00 [SkyWalking_Order] [Error] SkyApm.Transport.Grpc.ConnectionManager : Connect server timeout.
System.Threading.Tasks.TaskCanceledException: Reached deadline.
   at Grpc.Core.Channel.WaitForStateChangedAsync(ChannelState lastObservedState, Nullable`1 deadline)
   at Grpc.Core.Channel.ConnectAsync(Nullable`1 deadline)
   at SkyApm.Transport.Grpc.ConnectionManager.ConnectAsync()
2022-04-06 09:46:00.609 +08:00 [SkyWalking_Order] [Information] SkyApm.Transport.Grpc.ConnectionManager : Shutdown connection[192.168.200.104:11800].
2022-04-06 09:46:10.624 +08:00 [SkyWalking_Order] [Error] SkyApm.Transport.Grpc.ConnectionManager : Connect server timeout.
System.Threading.Tasks.TaskCanceledException: Reached deadline.
   at Grpc.Core.Channel.WaitForStateChangedAsync(ChannelState lastObservedState, Nullable`1 deadline)
   at Grpc.Core.Channel.ConnectAsync(Nullable`1 deadline)
   at SkyApm.Transport.Grpc.ConnectionManager.ConnectAsync()
2022-04-06 09:46:15.599 +08:00 [SkyWalking_Order] [Information] SkyApm.Transport.Grpc.ConnectionManager : Shutdown connection[192.168.200.104:11800].
2022-04-06 09:46:25.613 +08:00 [SkyWalking_Order] [Error] SkyApm.Transport.Grpc.ConnectionManager : Connect server timeout.
System.Threading.Tasks.TaskCanceledException: Reached deadline.
   at Grpc.Core.Channel.WaitForStateChangedAsync(ChannelState lastObservedState, Nullable`1 deadline)
   at Grpc.Core.Channel.ConnectAsync(Nullable`1 deadline)
   at SkyApm.Transport.Grpc.ConnectionManager.ConnectAsync()
2022-04-06 09:46:30.599 +08:00 [SkyWalking_Order] [Information] SkyApm.Transport.Grpc.ConnectionManager : Shutdown connection[192.168.200.104:11800].
2022-04-06 09:46:40.612 +08:00 [SkyWalking_Order] [Error] SkyApm.Transport.Grpc.ConnectionManager : Connect server timeout.
System.Threading.Tasks.TaskCanceledException: Reached deadline.
   at Grpc.Core.Channel.WaitForStateChangedAsync(ChannelState lastObservedState, Nullable`1 deadline)
   at Grpc.Core.Channel.ConnectAsync(Nullable`1 deadline)
   at SkyApm.Transport.Grpc.ConnectionManager.ConnectAsync()
2022-04-06 09:46:45.601 +08:00 [SkyWalking_Order] [Information] SkyApm.Transport.Grpc.ConnectionManager : Shutdown connection[192.168.200.104:11800].
2022-04-06 09:46:55.612 +08:00 [SkyWalking_Order] [Error] SkyApm.Transport.Grpc.ConnectionManager : Connect server timeout.
System.Threading.Tasks.TaskCanceledException: Reached deadline.
   at Grpc.Core.Channel.WaitForStateChangedAsync(ChannelState lastObservedState, Nullable`1 deadline)
   at Grpc.Core.Channel.ConnectAsync(Nullable`1 deadline)
   at SkyApm.Transport.Grpc.ConnectionManager.ConnectAsync()
2022-04-06 09:47:00.603 +08:00 [SkyWalking_Order] [Information] SkyApm.Transport.Grpc.ConnectionManager : Shutdown connection[192.168.200.104:11800].
2022-04-06 09:47:10.617 +08:00 [SkyWalking_Order] [Error] SkyApm.Transport.Grpc.ConnectionManager : Connect server timeout.
System.Threading.Tasks.TaskCanceledException: Reached deadline.
   at Grpc.Core.Channel.WaitForStateChangedAsync(ChannelState lastObservedState, Nullable`1 deadline)
   at Grpc.Core.Channel.ConnectAsync(Nullable`1 deadline)
   at SkyApm.Transport.Grpc.ConnectionManager.ConnectAsync()
2022-04-06 09:47:15.597 +08:00 [SkyWalking_Order] [Information] SkyApm.Transport.Grpc.ConnectionManager : Shutdown connection[192.168.200.104:11800].
2022-04-06 09:47:25.607 +08:00 [SkyWalking_Order] [Error] SkyApm.Transport.Grpc.ConnectionManager : Connect server timeout.
System.Threading.Tasks.TaskCanceledException: Reached deadline.
   at Grpc.Core.Channel.WaitForStateChangedAsync(ChannelState lastObservedState, Nullable`1 deadline)
   at Grpc.Core.Channel.ConnectAsync(Nullable`1 deadline)
   at SkyApm.Transport.Grpc.ConnectionManager.ConnectAsync()
2022-04-06 09:47:30.597 +08:00 [SkyWalking_Order] [Information] SkyApm.Transport.Grpc.ConnectionManager : Shutdown connection[192.168.200.104:11800].
2022-04-06 09:47:40.609 +08:00 [SkyWalking_Order] [Error] SkyApm.Transport.Grpc.ConnectionManager : Connect server timeout.
System.Threading.Tasks.TaskCanceledException: Reached deadline.
   at Grpc.Core.Channel.WaitForStateChangedAsync(ChannelState lastObservedState, Nullable`1 deadline)
   at Grpc.Core.Channel.ConnectAsync(Nullable`1 deadline)
   at SkyApm.Transport.Grpc.ConnectionManager.ConnectAsync()
2022-04-06 09:47:45.601 +08:00 [SkyWalking_Order] [Information] SkyApm.Transport.Grpc.ConnectionManager : Shutdown connection[192.168.200.104:11800].
2022-04-06 09:47:55.613 +08:00 [SkyWalking_Order] [Error] SkyApm.Transport.Grpc.ConnectionManager : Connect server timeout.
System.Threading.Tasks.TaskCanceledException: Reached deadline.
   at Grpc.Core.Channel.WaitForStateChangedAsync(ChannelState lastObservedState, Nullable`1 deadline)
   at Grpc.Core.Channel.ConnectAsync(Nullable`1 deadline)
   at SkyApm.Transport.Grpc.ConnectionManager.ConnectAsync()
2022-04-06 09:48:00.599 +08:00 [SkyWalking_Order] [Information] SkyApm.Transport.Grpc.ConnectionManager : Shutdown connection[192.168.200.104:11800].
2022-04-06 09:48:10.611 +08:00 [SkyWalking_Order] [Error] SkyApm.Transport.Grpc.ConnectionManager : Connect server timeout.
System.Threading.Tasks.TaskCanceledException: Reached deadline.
   at Grpc.Core.Channel.WaitForStateChangedAsync(ChannelState lastObservedState, Nullable`1 deadline)
   at Grpc.Core.Channel.ConnectAsync(Nullable`1 deadline)
   at SkyApm.Transport.Grpc.ConnectionManager.ConnectAsync()
2022-04-06 09:48:15.603 +08:00 [SkyWalking_Order] [Information] SkyApm.Transport.Grpc.ConnectionManager : Shutdown connection[192.168.200.104:11800].
2022-04-06 09:48:25.619 +08:00 [SkyWalking_Order] [Error] SkyApm.Transport.Grpc.ConnectionManager : Connect server timeout.
System.Threading.Tasks.TaskCanceledException: Reached deadline.
   at Grpc.Core.Channel.WaitForStateChangedAsync(ChannelState lastObservedState, Nullable`1 deadline)
   at Grpc.Core.Channel.ConnectAsync(Nullable`1 deadline)
   at SkyApm.Transport.Grpc.ConnectionManager.ConnectAsync()
2022-04-06 09:48:30.597 +08:00 [SkyWalking_Order] [Information] SkyApm.Transport.Grpc.ConnectionManager : Shutdown connection[192.168.200.104:11800].
2022-04-06 09:48:40.611 +08:00 [SkyWalking_Order] [Error] SkyApm.Transport.Grpc.ConnectionManager : Connect server timeout.
System.Threading.Tasks.TaskCanceledException: Reached deadline.
   at Grpc.Core.Channel.WaitForStateChangedAsync(ChannelState lastObservedState, Nullable`1 deadline)
   at Grpc.Core.Channel.ConnectAsync(Nullable`1 deadline)
   at SkyApm.Transport.Grpc.ConnectionManager.ConnectAsync()
2022-04-06 09:48:45.607 +08:00 [SkyWalking_Order] [Information] SkyApm.Transport.Grpc.ConnectionManager : Shutdown connection[192.168.200.104:11800].
2022-04-06 09:48:55.619 +08:00 [SkyWalking_Order] [Error] SkyApm.Transport.Grpc.ConnectionManager : Connect server timeout.
System.Threading.Tasks.TaskCanceledException: Reached deadline.
   at Grpc.Core.Channel.WaitForStateChangedAsync(ChannelState lastObservedState, Nullable`1 deadline)
   at Grpc.Core.Channel.ConnectAsync(Nullable`1 deadline)
   at SkyApm.Transport.Grpc.ConnectionManager.ConnectAsync()
2022-04-06 09:49:00.591 +08:00 [SkyWalking_Order] [Information] SkyApm.Transport.Grpc.ConnectionManager : Shutdown connection[192.168.200.104:11800].
2022-04-06 09:49:10.604 +08:00 [SkyWalking_Order] [Error] SkyApm.Transport.Grpc.ConnectionManager : Connect server timeout.
System.Threading.Tasks.TaskCanceledException: Reached deadline.
   at Grpc.Core.Channel.WaitForStateChangedAsync(ChannelState lastObservedState, Nullable`1 deadline)
   at Grpc.Core.Channel.ConnectAsync(Nullable`1 deadline)
   at SkyApm.Transport.Grpc.ConnectionManager.ConnectAsync()
2022-04-06 09:49:15.603 +08:00 [SkyWalking_Order] [Information] SkyApm.Transport.Grpc.ConnectionManager : Shutdown connection[192.168.200.104:11800].
2022-04-06 09:49:25.614 +08:00 [SkyWalking_Order] [Error] SkyApm.Transport.Grpc.ConnectionManager : Connect server timeout.
System.Threading.Tasks.TaskCanceledException: Reached deadline.
   at Grpc.Core.Channel.WaitForStateChangedAsync(ChannelState lastObservedState, Nullable`1 deadline)
   at Grpc.Core.Channel.ConnectAsync(Nullable`1 deadline)
   at SkyApm.Transport.Grpc.ConnectionManager.ConnectAsync()
2022-04-06 09:49:30.596 +08:00 [SkyWalking_Order] [Information] SkyApm.Transport.Grpc.ConnectionManager : Shutdown connection[192.168.200.104:11800].
2022-04-06 09:49:40.609 +08:00 [SkyWalking_Order] [Error] SkyApm.Transport.Grpc.ConnectionManager : Connect server timeout.
System.Threading.Tasks.TaskCanceledException: Reached deadline.
   at Grpc.Core.Channel.WaitForStateChangedAsync(ChannelState lastObservedState, Nullable`1 deadline)
   at Grpc.Core.Channel.ConnectAsync(Nullable`1 deadline)
   at SkyApm.Transport.Grpc.ConnectionManager.ConnectAsync()
2022-04-06 09:49:45.598 +08:00 [SkyWalking_Order] [Information] SkyApm.Transport.Grpc.ConnectionManager : Shutdown connection[192.168.200.104:11800].
2022-04-06 09:49:55.610 +08:00 [SkyWalking_Order] [Error] SkyApm.Transport.Grpc.ConnectionManager : Connect server timeout.
System.Threading.Tasks.TaskCanceledException: Reached deadline.
   at Grpc.Core.Channel.WaitForStateChangedAsync(ChannelState lastObservedState, Nullable`1 deadline)
   at Grpc.Core.Channel.ConnectAsync(Nullable`1 deadline)
   at SkyApm.Transport.Grpc.ConnectionManager.ConnectAsync()
2022-04-06 09:50:00.614 +08:00 [SkyWalking_Order] [Information] SkyApm.Transport.Grpc.ConnectionManager : Shutdown connection[192.168.200.104:11800].
2022-04-06 09:50:10.629 +08:00 [SkyWalking_Order] [Error] SkyApm.Transport.Grpc.ConnectionManager : Connect server timeout.
System.Threading.Tasks.TaskCanceledException: Reached deadline.
   at Grpc.Core.Channel.WaitForStateChangedAsync(ChannelState lastObservedState, Nullable`1 deadline)
   at Grpc.Core.Channel.ConnectAsync(Nullable`1 deadline)
   at SkyApm.Transport.Grpc.ConnectionManager.ConnectAsync()
2022-04-06 09:50:15.606 +08:00 [SkyWalking_Order] [Information] SkyApm.Transport.Grpc.ConnectionManager : Shutdown connection[192.168.200.104:11800].
2022-04-06 09:50:25.615 +08:00 [SkyWalking_Order] [Error] SkyApm.Transport.Grpc.ConnectionManager : Connect server timeout.
System.Threading.Tasks.TaskCanceledException: Reached deadline.
   at Grpc.Core.Channel.WaitForStateChangedAsync(ChannelState lastObservedState, Nullable`1 deadline)
   at Grpc.Core.Channel.ConnectAsync(Nullable`1 deadline)
   at SkyApm.Transport.Grpc.ConnectionManager.ConnectAsync()
2022-04-06 09:50:30.600 +08:00 [SkyWalking_Order] [Information] SkyApm.Transport.Grpc.ConnectionManager : Shutdown connection[192.168.200.104:11800].
2022-04-06 09:50:40.611 +08:00 [SkyWalking_Order] [Error] SkyApm.Transport.Grpc.ConnectionManager : Connect server timeout.
System.Threading.Tasks.TaskCanceledException: Reached deadline.
   at Grpc.Core.Channel.WaitForStateChangedAsync(ChannelState lastObservedState, Nullable`1 deadline)
   at Grpc.Core.Channel.ConnectAsync(Nullable`1 deadline)
   at SkyApm.Transport.Grpc.ConnectionManager.ConnectAsync()
2022-04-06 09:50:45.608 +08:00 [SkyWalking_Order] [Information] SkyApm.Transport.Grpc.ConnectionManager : Shutdown connection[192.168.200.104:11800].
2022-04-06 09:50:55.621 +08:00 [SkyWalking_Order] [Error] SkyApm.Transport.Grpc.ConnectionManager : Connect server timeout.
System.Threading.Tasks.TaskCanceledException: Reached deadline.
   at Grpc.Core.Channel.WaitForStateChangedAsync(ChannelState lastObservedState, Nullable`1 deadline)
   at Grpc.Core.Channel.ConnectAsync(Nullable`1 deadline)
   at SkyApm.Transport.Grpc.ConnectionManager.ConnectAsync()
2022-04-06 09:51:00.600 +08:00 [SkyWalking_Order] [Information] SkyApm.Transport.Grpc.ConnectionManager : Shutdown connection[192.168.200.104:11800].
2022-04-06 09:51:10.609 +08:00 [SkyWalking_Order] [Error] SkyApm.Transport.Grpc.ConnectionManager : Connect server timeout.
System.Threading.Tasks.TaskCanceledException: Reached deadline.
   at Grpc.Core.Channel.WaitForStateChangedAsync(ChannelState lastObservedState, Nullable`1 deadline)
   at Grpc.Core.Channel.ConnectAsync(Nullable`1 deadline)
   at SkyApm.Transport.Grpc.ConnectionManager.ConnectAsync()
2022-04-06 09:51:15.600 +08:00 [SkyWalking_Order] [Information] SkyApm.Transport.Grpc.ConnectionManager : Shutdown connection[192.168.200.104:11800].
2022-04-06 09:51:25.609 +08:00 [SkyWalking_Order] [Error] SkyApm.Transport.Grpc.ConnectionManager : Connect server timeout.
System.Threading.Tasks.TaskCanceledException: Reached deadline.
   at Grpc.Core.Channel.WaitForStateChangedAsync(ChannelState lastObservedState, Nullable`1 deadline)
   at Grpc.Core.Channel.ConnectAsync(Nullable`1 deadline)
   at SkyApm.Transport.Grpc.ConnectionManager.ConnectAsync()
2022-04-06 09:51:30.598 +08:00 [SkyWalking_Order] [Information] SkyApm.Transport.Grpc.ConnectionManager : Shutdown connection[192.168.200.104:11800].
2022-04-06 09:51:40.620 +08:00 [SkyWalking_Order] [Error] SkyApm.Transport.Grpc.ConnectionManager : Connect server timeout.
System.Threading.Tasks.TaskCanceledException: Reached deadline.
   at Grpc.Core.Channel.WaitForStateChangedAsync(ChannelState lastObservedState, Nullable`1 deadline)
   at Grpc.Core.Channel.ConnectAsync(Nullable`1 deadline)
   at SkyApm.Transport.Grpc.ConnectionManager.ConnectAsync()
2022-04-06 09:51:45.597 +08:00 [SkyWalking_Order] [Information] SkyApm.Transport.Grpc.ConnectionManager : Shutdown connection[192.168.200.104:11800].
2022-04-06 09:51:55.610 +08:00 [SkyWalking_Order] [Error] SkyApm.Transport.Grpc.ConnectionManager : Connect server timeout.
System.Threading.Tasks.TaskCanceledException: Reached deadline.
   at Grpc.Core.Channel.WaitForStateChangedAsync(ChannelState lastObservedState, Nullable`1 deadline)
   at Grpc.Core.Channel.ConnectAsync(Nullable`1 deadline)
   at SkyApm.Transport.Grpc.ConnectionManager.ConnectAsync()
2022-04-06 09:52:00.612 +08:00 [SkyWalking_Order] [Information] SkyApm.Transport.Grpc.ConnectionManager : Shutdown connection[192.168.200.104:11800].
2022-04-06 09:52:10.635 +08:00 [SkyWalking_Order] [Error] SkyApm.Transport.Grpc.ConnectionManager : Connect server timeout.
System.Threading.Tasks.TaskCanceledException: Reached deadline.
   at Grpc.Core.Channel.WaitForStateChangedAsync(ChannelState lastObservedState, Nullable`1 deadline)
   at Grpc.Core.Channel.ConnectAsync(Nullable`1 deadline)
   at SkyApm.Transport.Grpc.ConnectionManager.ConnectAsync()
2022-04-06 09:52:15.603 +08:00 [SkyWalking_Order] [Information] SkyApm.Transport.Grpc.ConnectionManager : Shutdown connection[192.168.200.104:11800].
2022-04-06 09:52:25.615 +08:00 [SkyWalking_Order] [Error] SkyApm.Transport.Grpc.ConnectionManager : Connect server timeout.
System.Threading.Tasks.TaskCanceledException: Reached deadline.
   at Grpc.Core.Channel.WaitForStateChangedAsync(ChannelState lastObservedState, Nullable`1 deadline)
   at Grpc.Core.Channel.ConnectAsync(Nullable`1 deadline)
   at SkyApm.Transport.Grpc.ConnectionManager.ConnectAsync()
2022-04-06 09:52:30.597 +08:00 [SkyWalking_Order] [Information] SkyApm.Transport.Grpc.ConnectionManager : Shutdown connection[192.168.200.104:11800].
2022-04-06 09:52:40.609 +08:00 [SkyWalking_Order] [Error] SkyApm.Transport.Grpc.ConnectionManager : Connect server timeout.
System.Threading.Tasks.TaskCanceledException: Reached deadline.
   at Grpc.Core.Channel.WaitForStateChangedAsync(ChannelState lastObservedState, Nullable`1 deadline)
   at Grpc.Core.Channel.ConnectAsync(Nullable`1 deadline)
   at SkyApm.Transport.Grpc.ConnectionManager.ConnectAsync()
2022-04-06 09:52:45.596 +08:00 [SkyWalking_Order] [Information] SkyApm.Transport.Grpc.ConnectionManager : Shutdown connection[192.168.200.104:11800].
2022-04-06 09:52:55.609 +08:00 [SkyWalking_Order] [Error] SkyApm.Transport.Grpc.ConnectionManager : Connect server timeout.
System.Threading.Tasks.TaskCanceledException: Reached deadline.
   at Grpc.Core.Channel.WaitForStateChangedAsync(ChannelState lastObservedState, Nullable`1 deadline)
   at Grpc.Core.Channel.ConnectAsync(Nullable`1 deadline)
   at SkyApm.Transport.Grpc.ConnectionManager.ConnectAsync()
2022-04-06 09:53:00.601 +08:00 [SkyWalking_Order] [Information] SkyApm.Transport.Grpc.ConnectionManager : Shutdown connection[192.168.200.104:11800].
2022-04-06 09:53:10.619 +08:00 [SkyWalking_Order] [Error] SkyApm.Transport.Grpc.ConnectionManager : Connect server timeout.
System.Threading.Tasks.TaskCanceledException: Reached deadline.
   at Grpc.Core.Channel.WaitForStateChangedAsync(ChannelState lastObservedState, Nullable`1 deadline)
   at Grpc.Core.Channel.ConnectAsync(Nullable`1 deadline)
   at SkyApm.Transport.Grpc.ConnectionManager.ConnectAsync()
2022-04-06 09:53:15.606 +08:00 [SkyWalking_Order] [Information] SkyApm.Transport.Grpc.ConnectionManager : Shutdown connection[192.168.200.104:11800].
2022-04-06 09:53:25.617 +08:00 [SkyWalking_Order] [Error] SkyApm.Transport.Grpc.ConnectionManager : Connect server timeout.
System.Threading.Tasks.TaskCanceledException: Reached deadline.
   at Grpc.Core.Channel.WaitForStateChangedAsync(ChannelState lastObservedState, Nullable`1 deadline)
   at Grpc.Core.Channel.ConnectAsync(Nullable`1 deadline)
   at SkyApm.Transport.Grpc.ConnectionManager.ConnectAsync()
2022-04-06 09:53:30.596 +08:00 [SkyWalking_Order] [Information] SkyApm.Transport.Grpc.ConnectionManager : Shutdown connection[192.168.200.104:11800].
2022-04-06 09:53:40.606 +08:00 [SkyWalking_Order] [Error] SkyApm.Transport.Grpc.ConnectionManager : Connect server timeout.
System.Threading.Tasks.TaskCanceledException: Reached deadline.
   at Grpc.Core.Channel.WaitForStateChangedAsync(ChannelState lastObservedState, Nullable`1 deadline)
   at Grpc.Core.Channel.ConnectAsync(Nullable`1 deadline)
   at SkyApm.Transport.Grpc.ConnectionManager.ConnectAsync()
2022-04-06 09:53:45.620 +08:00 [SkyWalking_Order] [Information] SkyApm.Transport.Grpc.ConnectionManager : Shutdown connection[192.168.200.104:11800].
2022-04-06 09:53:55.628 +08:00 [SkyWalking_Order] [Error] SkyApm.Transport.Grpc.ConnectionManager : Connect server timeout.
System.Threading.Tasks.TaskCanceledException: Reached deadline.
   at Grpc.Core.Channel.WaitForStateChangedAsync(ChannelState lastObservedState, Nullable`1 deadline)
   at Grpc.Core.Channel.ConnectAsync(Nullable`1 deadline)
   at SkyApm.Transport.Grpc.ConnectionManager.ConnectAsync()
2022-04-06 09:54:00.607 +08:00 [SkyWalking_Order] [Information] SkyApm.Transport.Grpc.ConnectionManager : Shutdown connection[192.168.200.104:11800].
2022-04-06 09:54:10.617 +08:00 [SkyWalking_Order] [Error] SkyApm.Transport.Grpc.ConnectionManager : Connect server timeout.
System.Threading.Tasks.TaskCanceledException: Reached deadline.
   at Grpc.Core.Channel.WaitForStateChangedAsync(ChannelState lastObservedState, Nullable`1 deadline)
   at Grpc.Core.Channel.ConnectAsync(Nullable`1 deadline)
   at SkyApm.Transport.Grpc.ConnectionManager.ConnectAsync()
2022-04-06 09:54:15.598 +08:00 [SkyWalking_Order] [Information] SkyApm.Transport.Grpc.ConnectionManager : Shutdown connection[192.168.200.104:11800].
2022-04-06 09:54:25.609 +08:00 [SkyWalking_Order] [Error] SkyApm.Transport.Grpc.ConnectionManager : Connect server timeout.
System.Threading.Tasks.TaskCanceledException: Reached deadline.
   at Grpc.Core.Channel.WaitForStateChangedAsync(ChannelState lastObservedState, Nullable`1 deadline)
   at Grpc.Core.Channel.ConnectAsync(Nullable`1 deadline)
   at SkyApm.Transport.Grpc.ConnectionManager.ConnectAsync()
2022-04-06 09:54:30.604 +08:00 [SkyWalking_Order] [Information] SkyApm.Transport.Grpc.ConnectionManager : Shutdown connection[192.168.200.104:11800].
2022-04-06 09:54:40.615 +08:00 [SkyWalking_Order] [Error] SkyApm.Transport.Grpc.ConnectionManager : Connect server timeout.
System.Threading.Tasks.TaskCanceledException: Reached deadline.
   at Grpc.Core.Channel.WaitForStateChangedAsync(ChannelState lastObservedState, Nullable`1 deadline)
   at Grpc.Core.Channel.ConnectAsync(Nullable`1 deadline)
   at SkyApm.Transport.Grpc.ConnectionManager.ConnectAsync()
2022-04-06 09:54:45.617 +08:00 [SkyWalking_Order] [Information] SkyApm.Transport.Grpc.ConnectionManager : Shutdown connection[192.168.200.104:11800].
2022-04-06 09:54:55.636 +08:00 [SkyWalking_Order] [Error] SkyApm.Transport.Grpc.ConnectionManager : Connect server timeout.
System.Threading.Tasks.TaskCanceledException: Reached deadline.
   at Grpc.Core.Channel.WaitForStateChangedAsync(ChannelState lastObservedState, Nullable`1 deadline)
   at Grpc.Core.Channel.ConnectAsync(Nullable`1 deadline)
   at SkyApm.Transport.Grpc.ConnectionManager.ConnectAsync()
2022-04-06 09:55:00.598 +08:00 [SkyWalking_Order] [Information] SkyApm.Transport.Grpc.ConnectionManager : Shutdown connection[192.168.200.104:11800].
2022-04-06 09:55:10.609 +08:00 [SkyWalking_Order] [Error] SkyApm.Transport.Grpc.ConnectionManager : Connect server timeout.
System.Threading.Tasks.TaskCanceledException: Reached deadline.
   at Grpc.Core.Channel.WaitForStateChangedAsync(ChannelState lastObservedState, Nullable`1 deadline)
   at Grpc.Core.Channel.ConnectAsync(Nullable`1 deadline)
   at SkyApm.Transport.Grpc.ConnectionManager.ConnectAsync()
2022-04-06 09:55:15.604 +08:00 [SkyWalking_Order] [Information] SkyApm.Transport.Grpc.ConnectionManager : Shutdown connection[192.168.200.104:11800].
2022-04-06 09:55:25.625 +08:00 [SkyWalking_Order] [Error] SkyApm.Transport.Grpc.ConnectionManager : Connect server timeout.
System.Threading.Tasks.TaskCanceledException: Reached deadline.
   at Grpc.Core.Channel.WaitForStateChangedAsync(ChannelState lastObservedState, Nullable`1 deadline)
   at Grpc.Core.Channel.ConnectAsync(Nullable`1 deadline)
   at SkyApm.Transport.Grpc.ConnectionManager.ConnectAsync()
2022-04-06 09:55:30.598 +08:00 [SkyWalking_Order] [Information] SkyApm.Transport.Grpc.ConnectionManager : Shutdown connection[192.168.200.104:11800].
2022-04-06 09:55:40.609 +08:00 [SkyWalking_Order] [Error] SkyApm.Transport.Grpc.ConnectionManager : Connect server timeout.
System.Threading.Tasks.TaskCanceledException: Reached deadline.
   at Grpc.Core.Channel.WaitForStateChangedAsync(ChannelState lastObservedState, Nullable`1 deadline)
   at Grpc.Core.Channel.ConnectAsync(Nullable`1 deadline)
   at SkyApm.Transport.Grpc.ConnectionManager.ConnectAsync()
2022-04-06 09:55:45.597 +08:00 [SkyWalking_Order] [Information] SkyApm.Transport.Grpc.ConnectionManager : Shutdown connection[192.168.200.104:11800].
2022-04-06 09:55:55.610 +08:00 [SkyWalking_Order] [Error] SkyApm.Transport.Grpc.ConnectionManager : Connect server timeout.
System.Threading.Tasks.TaskCanceledException: Reached deadline.
   at Grpc.Core.Channel.WaitForStateChangedAsync(ChannelState lastObservedState, Nullable`1 deadline)
   at Grpc.Core.Channel.ConnectAsync(Nullable`1 deadline)
   at SkyApm.Transport.Grpc.ConnectionManager.ConnectAsync()
2022-04-06 09:56:00.599 +08:00 [SkyWalking_Order] [Information] SkyApm.Transport.Grpc.ConnectionManager : Shutdown connection[192.168.200.104:11800].
2022-04-06 09:56:10.609 +08:00 [SkyWalking_Order] [Error] SkyApm.Transport.Grpc.ConnectionManager : Connect server timeout.
System.Threading.Tasks.TaskCanceledException: Reached deadline.
   at Grpc.Core.Channel.WaitForStateChangedAsync(ChannelState lastObservedState, Nullable`1 deadline)
   at Grpc.Core.Channel.ConnectAsync(Nullable`1 deadline)
   at SkyApm.Transport.Grpc.ConnectionManager.ConnectAsync()
2022-04-06 09:56:15.588 +08:00 [SkyWalking_Order] [Information] SkyApm.Transport.Grpc.ConnectionManager : Shutdown connection[192.168.200.104:11800].
2022-04-06 09:56:25.599 +08:00 [SkyWalking_Order] [Error] SkyApm.Transport.Grpc.ConnectionManager : Connect server timeout.
System.Threading.Tasks.TaskCanceledException: Reached deadline.
   at Grpc.Core.Channel.WaitForStateChangedAsync(ChannelState lastObservedState, Nullable`1 deadline)
   at Grpc.Core.Channel.ConnectAsync(Nullable`1 deadline)
   at SkyApm.Transport.Grpc.ConnectionManager.ConnectAsync()
2022-04-06 09:56:30.596 +08:00 [SkyWalking_Order] [Information] SkyApm.Transport.Grpc.ConnectionManager : Shutdown connection[192.168.200.104:11800].
2022-04-06 09:56:40.605 +08:00 [SkyWalking_Order] [Error] SkyApm.Transport.Grpc.ConnectionManager : Connect server timeout.
System.Threading.Tasks.TaskCanceledException: Reached deadline.
   at Grpc.Core.Channel.WaitForStateChangedAsync(ChannelState lastObservedState, Nullable`1 deadline)
   at Grpc.Core.Channel.ConnectAsync(Nullable`1 deadline)
   at SkyApm.Transport.Grpc.ConnectionManager.ConnectAsync()
2022-04-06 09:56:45.594 +08:00 [SkyWalking_Order] [Information] SkyApm.Transport.Grpc.ConnectionManager : Shutdown connection[192.168.200.104:11800].
2022-04-06 09:56:55.605 +08:00 [SkyWalking_Order] [Error] SkyApm.Transport.Grpc.ConnectionManager : Connect server timeout.
System.Threading.Tasks.TaskCanceledException: Reached deadline.
   at Grpc.Core.Channel.WaitForStateChangedAsync(ChannelState lastObservedState, Nullable`1 deadline)
   at Grpc.Core.Channel.ConnectAsync(Nullable`1 deadline)
   at SkyApm.Transport.Grpc.ConnectionManager.ConnectAsync()
2022-04-06 09:57:00.596 +08:00 [SkyWalking_Order] [Information] SkyApm.Transport.Grpc.ConnectionManager : Shutdown connection[192.168.200.104:11800].
2022-04-06 09:57:10.610 +08:00 [SkyWalking_Order] [Error] SkyApm.Transport.Grpc.ConnectionManager : Connect server timeout.
System.Threading.Tasks.TaskCanceledException: Reached deadline.
   at Grpc.Core.Channel.WaitForStateChangedAsync(ChannelState lastObservedState, Nullable`1 deadline)
   at Grpc.Core.Channel.ConnectAsync(Nullable`1 deadline)
   at SkyApm.Transport.Grpc.ConnectionManager.ConnectAsync()
2022-04-06 09:57:15.602 +08:00 [SkyWalking_Order] [Information] SkyApm.Transport.Grpc.ConnectionManager : Shutdown connection[192.168.200.104:11800].
2022-04-06 09:57:25.615 +08:00 [SkyWalking_Order] [Error] SkyApm.Transport.Grpc.ConnectionManager : Connect server timeout.
System.Threading.Tasks.TaskCanceledException: Reached deadline.
   at Grpc.Core.Channel.WaitForStateChangedAsync(ChannelState lastObservedState, Nullable`1 deadline)
   at Grpc.Core.Channel.ConnectAsync(Nullable`1 deadline)
   at SkyApm.Transport.Grpc.ConnectionManager.ConnectAsync()
2022-04-06 09:57:30.603 +08:00 [SkyWalking_Order] [Information] SkyApm.Transport.Grpc.ConnectionManager : Shutdown connection[192.168.200.104:11800].
2022-04-06 09:57:40.613 +08:00 [SkyWalking_Order] [Error] SkyApm.Transport.Grpc.ConnectionManager : Connect server timeout.
System.Threading.Tasks.TaskCanceledException: Reached deadline.
   at Grpc.Core.Channel.WaitForStateChangedAsync(ChannelState lastObservedState, Nullable`1 deadline)
   at Grpc.Core.Channel.ConnectAsync(Nullable`1 deadline)
   at SkyApm.Transport.Grpc.ConnectionManager.ConnectAsync()
2022-04-06 09:57:45.603 +08:00 [SkyWalking_Order] [Information] SkyApm.Transport.Grpc.ConnectionManager : Shutdown connection[192.168.200.104:11800].
2022-04-06 09:57:55.614 +08:00 [SkyWalking_Order] [Error] SkyApm.Transport.Grpc.ConnectionManager : Connect server timeout.
System.Threading.Tasks.TaskCanceledException: Reached deadline.
   at Grpc.Core.Channel.WaitForStateChangedAsync(ChannelState lastObservedState, Nullable`1 deadline)
   at Grpc.Core.Channel.ConnectAsync(Nullable`1 deadline)
   at SkyApm.Transport.Grpc.ConnectionManager.ConnectAsync()
2022-04-06 09:58:00.613 +08:00 [SkyWalking_Order] [Information] SkyApm.Transport.Grpc.ConnectionManager : Shutdown connection[192.168.200.104:11800].
2022-04-06 09:58:10.622 +08:00 [SkyWalking_Order] [Error] SkyApm.Transport.Grpc.ConnectionManager : Connect server timeout.
System.Threading.Tasks.TaskCanceledException: Reached deadline.
   at Grpc.Core.Channel.WaitForStateChangedAsync(ChannelState lastObservedState, Nullable`1 deadline)
   at Grpc.Core.Channel.ConnectAsync(Nullable`1 deadline)
   at SkyApm.Transport.Grpc.ConnectionManager.ConnectAsync()
2022-04-06 09:58:15.599 +08:00 [SkyWalking_Order] [Information] SkyApm.Transport.Grpc.ConnectionManager : Shutdown connection[192.168.200.104:11800].
2022-04-06 09:58:25.610 +08:00 [SkyWalking_Order] [Error] SkyApm.Transport.Grpc.ConnectionManager : Connect server timeout.
System.Threading.Tasks.TaskCanceledException: Reached deadline.
   at Grpc.Core.Channel.WaitForStateChangedAsync(ChannelState lastObservedState, Nullable`1 deadline)
   at Grpc.Core.Channel.ConnectAsync(Nullable`1 deadline)
   at SkyApm.Transport.Grpc.ConnectionManager.ConnectAsync()
2022-04-06 09:58:30.600 +08:00 [SkyWalking_Order] [Information] SkyApm.Transport.Grpc.ConnectionManager : Shutdown connection[192.168.200.104:11800].
2022-04-06 09:58:40.609 +08:00 [SkyWalking_Order] [Error] SkyApm.Transport.Grpc.ConnectionManager : Connect server timeout.
System.Threading.Tasks.TaskCanceledException: Reached deadline.
   at Grpc.Core.Channel.WaitForStateChangedAsync(ChannelState lastObservedState, Nullable`1 deadline)
   at Grpc.Core.Channel.ConnectAsync(Nullable`1 deadline)
   at SkyApm.Transport.Grpc.ConnectionManager.ConnectAsync()
2022-04-06 09:58:45.593 +08:00 [SkyWalking_Order] [Information] SkyApm.Transport.Grpc.ConnectionManager : Shutdown connection[192.168.200.104:11800].
2022-04-06 09:58:55.604 +08:00 [SkyWalking_Order] [Error] SkyApm.Transport.Grpc.ConnectionManager : Connect server timeout.
System.Threading.Tasks.TaskCanceledException: Reached deadline.
   at Grpc.Core.Channel.WaitForStateChangedAsync(ChannelState lastObservedState, Nullable`1 deadline)
   at Grpc.Core.Channel.ConnectAsync(Nullable`1 deadline)
   at SkyApm.Transport.Grpc.ConnectionManager.ConnectAsync()
2022-04-06 09:59:00.608 +08:00 [SkyWalking_Order] [Information] SkyApm.Transport.Grpc.ConnectionManager : Shutdown connection[192.168.200.104:11800].
2022-04-06 09:59:10.619 +08:00 [SkyWalking_Order] [Error] SkyApm.Transport.Grpc.ConnectionManager : Connect server timeout.
System.Threading.Tasks.TaskCanceledException: Reached deadline.
   at Grpc.Core.Channel.WaitForStateChangedAsync(ChannelState lastObservedState, Nullable`1 deadline)
   at Grpc.Core.Channel.ConnectAsync(Nullable`1 deadline)
   at SkyApm.Transport.Grpc.ConnectionManager.ConnectAsync()
2022-04-06 09:59:15.603 +08:00 [SkyWalking_Order] [Information] SkyApm.Transport.Grpc.ConnectionManager : Shutdown connection[192.168.200.104:11800].
2022-04-06 09:59:25.615 +08:00 [SkyWalking_Order] [Error] SkyApm.Transport.Grpc.ConnectionManager : Connect server timeout.
System.Threading.Tasks.TaskCanceledException: Reached deadline.
   at Grpc.Core.Channel.WaitForStateChangedAsync(ChannelState lastObservedState, Nullable`1 deadline)
   at Grpc.Core.Channel.ConnectAsync(Nullable`1 deadline)
   at SkyApm.Transport.Grpc.ConnectionManager.ConnectAsync()
2022-04-06 09:59:30.602 +08:00 [SkyWalking_Order] [Information] SkyApm.Transport.Grpc.ConnectionManager : Shutdown connection[192.168.200.104:11800].
2022-04-06 09:59:40.613 +08:00 [SkyWalking_Order] [Error] SkyApm.Transport.Grpc.ConnectionManager : Connect server timeout.
System.Threading.Tasks.TaskCanceledException: Reached deadline.
   at Grpc.Core.Channel.WaitForStateChangedAsync(ChannelState lastObservedState, Nullable`1 deadline)
   at Grpc.Core.Channel.ConnectAsync(Nullable`1 deadline)
   at SkyApm.Transport.Grpc.ConnectionManager.ConnectAsync()
2022-04-06 09:59:45.628 +08:00 [SkyWalking_Order] [Information] SkyApm.Transport.Grpc.ConnectionManager : Shutdown connection[192.168.200.104:11800].
2022-04-06 09:59:55.642 +08:00 [SkyWalking_Order] [Error] SkyApm.Transport.Grpc.ConnectionManager : Connect server timeout.
System.Threading.Tasks.TaskCanceledException: Reached deadline.
   at Grpc.Core.Channel.WaitForStateChangedAsync(ChannelState lastObservedState, Nullable`1 deadline)
   at Grpc.Core.Channel.ConnectAsync(Nullable`1 deadline)
   at SkyApm.Transport.Grpc.ConnectionManager.ConnectAsync()
2022-04-06 10:00:00.608 +08:00 [SkyWalking_Order] [Information] SkyApm.Transport.Grpc.ConnectionManager : Shutdown connection[192.168.200.104:11800].
2022-04-06 10:00:10.619 +08:00 [SkyWalking_Order] [Error] SkyApm.Transport.Grpc.ConnectionManager : Connect server timeout.
System.Threading.Tasks.TaskCanceledException: Reached deadline.
   at Grpc.Core.Channel.WaitForStateChangedAsync(ChannelState lastObservedState, Nullable`1 deadline)
   at Grpc.Core.Channel.ConnectAsync(Nullable`1 deadline)
   at SkyApm.Transport.Grpc.ConnectionManager.ConnectAsync()
2022-04-06 10:00:15.609 +08:00 [SkyWalking_Order] [Information] SkyApm.Transport.Grpc.ConnectionManager : Shutdown connection[192.168.200.104:11800].
2022-04-06 10:00:25.617 +08:00 [SkyWalking_Order] [Error] SkyApm.Transport.Grpc.ConnectionManager : Connect server timeout.
System.Threading.Tasks.TaskCanceledException: Reached deadline.
   at Grpc.Core.Channel.WaitForStateChangedAsync(ChannelState lastObservedState, Nullable`1 deadline)
   at Grpc.Core.Channel.ConnectAsync(Nullable`1 deadline)
   at SkyApm.Transport.Grpc.ConnectionManager.ConnectAsync()
2022-04-06 10:00:30.596 +08:00 [SkyWalking_Order] [Information] SkyApm.Transport.Grpc.ConnectionManager : Shutdown connection[192.168.200.104:11800].
2022-04-06 10:02:27.101 +08:00 [SkyWalking_Order] [Information] SkyApm.InstrumentStartup : Initializing ...
2022-04-06 10:02:27.133 +08:00 [SkyWalking_Order] [Information] SkyApm.Service.RegisterService : Loaded instrument service [SkyApm.Service.RegisterService].
2022-04-06 10:02:27.136 +08:00 [SkyWalking_Order] [Information] SkyApm.Service.PingService : Loaded instrument service [SkyApm.Service.PingService].
2022-04-06 10:02:27.136 +08:00 [SkyWalking_Order] [Information] SkyApm.Service.SegmentReportService : Loaded instrument service [SkyApm.Service.SegmentReportService].
2022-04-06 10:02:27.136 +08:00 [SkyWalking_Order] [Information] SkyApm.Service.CLRStatsService : Loaded instrument service [SkyApm.Service.CLRStatsService].
2022-04-06 10:02:27.136 +08:00 [SkyWalking_Order] [Information] SkyApm.Sampling.SimpleCountSamplingInterceptor : Loaded instrument service [SkyApm.Sampling.SimpleCountSamplingInterceptor].
2022-04-06 10:02:27.136 +08:00 [SkyWalking_Order] [Information] SkyApm.Transport.Grpc.ConnectService : Loaded instrument service [SkyApm.Transport.Grpc.ConnectService].
2022-04-06 10:02:27.183 +08:00 [SkyWalking_Order] [Information] SkyApm.Diagnostics.TracingDiagnosticProcessorObserver : Loaded diagnostic listener [Microsoft.AspNetCore].
2022-04-06 10:02:27.183 +08:00 [SkyWalking_Order] [Information] SkyApm.InstrumentStartup : Started SkyAPM .NET Core Agent.
2022-04-06 10:02:27.254 +08:00 [SkyWalking_Order] [Information] SkyApm.Diagnostics.TracingDiagnosticProcessorObserver : Loaded diagnostic listener [HttpHandlerDiagnosticListener].
2022-04-06 10:02:37.292 +08:00 [SkyWalking_Order] [Error] SkyApm.Transport.Grpc.ConnectionManager : Connect server timeout.
System.Threading.Tasks.TaskCanceledException: Reached deadline.
   at Grpc.Core.Channel.WaitForStateChangedAsync(ChannelState lastObservedState, Nullable`1 deadline)
   at Grpc.Core.Channel.ConnectAsync(Nullable`1 deadline)
   at SkyApm.Transport.Grpc.ConnectionManager.ConnectAsync()
2022-04-06 10:02:42.157 +08:00 [SkyWalking_Order] [Information] SkyApm.Transport.Grpc.ConnectionManager : Shutdown connection[192.168.200.104:11800].
2022-04-06 10:02:52.171 +08:00 [SkyWalking_Order] [Error] SkyApm.Transport.Grpc.ConnectionManager : Connect server timeout.
System.Threading.Tasks.TaskCanceledException: Reached deadline.
   at Grpc.Core.Channel.WaitForStateChangedAsync(ChannelState lastObservedState, Nullable`1 deadline)
   at Grpc.Core.Channel.ConnectAsync(Nullable`1 deadline)
   at SkyApm.Transport.Grpc.ConnectionManager.ConnectAsync()
2022-04-06 10:02:57.154 +08:00 [SkyWalking_Order] [Information] SkyApm.Transport.Grpc.ConnectionManager : Shutdown connection[192.168.200.104:11800].
2022-04-06 10:03:07.168 +08:00 [SkyWalking_Order] [Error] SkyApm.Transport.Grpc.ConnectionManager : Connect server timeout.
System.Threading.Tasks.TaskCanceledException: Reached deadline.
   at Grpc.Core.Channel.WaitForStateChangedAsync(ChannelState lastObservedState, Nullable`1 deadline)
   at Grpc.Core.Channel.ConnectAsync(Nullable`1 deadline)
   at SkyApm.Transport.Grpc.ConnectionManager.ConnectAsync()
2022-04-06 10:03:12.156 +08:00 [SkyWalking_Order] [Information] SkyApm.Transport.Grpc.ConnectionManager : Shutdown connection[192.168.200.104:11800].
2022-04-06 10:03:22.170 +08:00 [SkyWalking_Order] [Error] SkyApm.Transport.Grpc.ConnectionManager : Connect server timeout.
System.Threading.Tasks.TaskCanceledException: Reached deadline.
   at Grpc.Core.Channel.WaitForStateChangedAsync(ChannelState lastObservedState, Nullable`1 deadline)
   at Grpc.Core.Channel.ConnectAsync(Nullable`1 deadline)
   at SkyApm.Transport.Grpc.ConnectionManager.ConnectAsync()
2022-04-06 10:03:27.160 +08:00 [SkyWalking_Order] [Information] SkyApm.Transport.Grpc.ConnectionManager : Shutdown connection[192.168.200.104:11800].
2022-04-06 10:03:37.174 +08:00 [SkyWalking_Order] [Error] SkyApm.Transport.Grpc.ConnectionManager : Connect server timeout.
System.Threading.Tasks.TaskCanceledException: Reached deadline.
   at Grpc.Core.Channel.WaitForStateChangedAsync(ChannelState lastObservedState, Nullable`1 deadline)
   at Grpc.Core.Channel.ConnectAsync(Nullable`1 deadline)
   at SkyApm.Transport.Grpc.ConnectionManager.ConnectAsync()
2022-04-06 10:03:42.158 +08:00 [SkyWalking_Order] [Information] SkyApm.Transport.Grpc.ConnectionManager : Shutdown connection[192.168.200.104:11800].
2022-04-06 10:03:52.170 +08:00 [SkyWalking_Order] [Error] SkyApm.Transport.Grpc.ConnectionManager : Connect server timeout.
System.Threading.Tasks.TaskCanceledException: Reached deadline.
   at Grpc.Core.Channel.WaitForStateChangedAsync(ChannelState lastObservedState, Nullable`1 deadline)
   at Grpc.Core.Channel.ConnectAsync(Nullable`1 deadline)
   at SkyApm.Transport.Grpc.ConnectionManager.ConnectAsync()
2022-04-06 10:03:57.158 +08:00 [SkyWalking_Order] [Information] SkyApm.Transport.Grpc.ConnectionManager : Shutdown connection[192.168.200.104:11800].
2022-04-06 10:04:07.170 +08:00 [SkyWalking_Order] [Error] SkyApm.Transport.Grpc.ConnectionManager : Connect server timeout.
System.Threading.Tasks.TaskCanceledException: Reached deadline.
   at Grpc.Core.Channel.WaitForStateChangedAsync(ChannelState lastObservedState, Nullable`1 deadline)
   at Grpc.Core.Channel.ConnectAsync(Nullable`1 deadline)
   at SkyApm.Transport.Grpc.ConnectionManager.ConnectAsync()
2022-04-06 10:04:12.163 +08:00 [SkyWalking_Order] [Information] SkyApm.Transport.Grpc.ConnectionManager : Shutdown connection[192.168.200.104:11800].
2022-04-06 10:04:22.176 +08:00 [SkyWalking_Order] [Error] SkyApm.Transport.Grpc.ConnectionManager : Connect server timeout.
System.Threading.Tasks.TaskCanceledException: Reached deadline.
   at Grpc.Core.Channel.WaitForStateChangedAsync(ChannelState lastObservedState, Nullable`1 deadline)
   at Grpc.Core.Channel.ConnectAsync(Nullable`1 deadline)
   at SkyApm.Transport.Grpc.ConnectionManager.ConnectAsync()
2022-04-06 10:04:27.171 +08:00 [SkyWalking_Order] [Information] SkyApm.Transport.Grpc.ConnectionManager : Shutdown connection[192.168.200.104:11800].
2022-04-06 10:04:37.183 +08:00 [SkyWalking_Order] [Error] SkyApm.Transport.Grpc.ConnectionManager : Connect server timeout.
System.Threading.Tasks.TaskCanceledException: Reached deadline.
   at Grpc.Core.Channel.WaitForStateChangedAsync(ChannelState lastObservedState, Nullable`1 deadline)
   at Grpc.Core.Channel.ConnectAsync(Nullable`1 deadline)
   at SkyApm.Transport.Grpc.ConnectionManager.ConnectAsync()
2022-04-06 10:04:42.146 +08:00 [SkyWalking_Order] [Information] SkyApm.Transport.Grpc.ConnectionManager : Shutdown connection[192.168.200.104:11800].
2022-04-06 10:04:52.161 +08:00 [SkyWalking_Order] [Error] SkyApm.Transport.Grpc.ConnectionManager : Connect server timeout.
System.Threading.Tasks.TaskCanceledException: Reached deadline.
   at Grpc.Core.Channel.WaitForStateChangedAsync(ChannelState lastObservedState, Nullable`1 deadline)
   at Grpc.Core.Channel.ConnectAsync(Nullable`1 deadline)
   at SkyApm.Transport.Grpc.ConnectionManager.ConnectAsync()
2022-04-06 10:04:57.160 +08:00 [SkyWalking_Order] [Information] SkyApm.Transport.Grpc.ConnectionManager : Shutdown connection[192.168.200.104:11800].
2022-04-06 10:05:07.172 +08:00 [SkyWalking_Order] [Error] SkyApm.Transport.Grpc.ConnectionManager : Connect server timeout.
System.Threading.Tasks.TaskCanceledException: Reached deadline.
   at Grpc.Core.Channel.WaitForStateChangedAsync(ChannelState lastObservedState, Nullable`1 deadline)
   at Grpc.Core.Channel.ConnectAsync(Nullable`1 deadline)
   at SkyApm.Transport.Grpc.ConnectionManager.ConnectAsync()
2022-04-06 10:05:12.149 +08:00 [SkyWalking_Order] [Information] SkyApm.Transport.Grpc.ConnectionManager : Shutdown connection[192.168.200.104:11800].
2022-04-06 10:05:22.158 +08:00 [SkyWalking_Order] [Error] SkyApm.Transport.Grpc.ConnectionManager : Connect server timeout.
System.Threading.Tasks.TaskCanceledException: Reached deadline.
   at Grpc.Core.Channel.WaitForStateChangedAsync(ChannelState lastObservedState, Nullable`1 deadline)
   at Grpc.Core.Channel.ConnectAsync(Nullable`1 deadline)
   at SkyApm.Transport.Grpc.ConnectionManager.ConnectAsync()
2022-04-06 10:05:27.179 +08:00 [SkyWalking_Order] [Information] SkyApm.Transport.Grpc.ConnectionManager : Shutdown connection[192.168.200.104:11800].
2022-04-06 10:05:37.194 +08:00 [SkyWalking_Order] [Error] SkyApm.Transport.Grpc.ConnectionManager : Connect server timeout.
System.Threading.Tasks.TaskCanceledException: Reached deadline.
   at Grpc.Core.Channel.WaitForStateChangedAsync(ChannelState lastObservedState, Nullable`1 deadline)
   at Grpc.Core.Channel.ConnectAsync(Nullable`1 deadline)
   at SkyApm.Transport.Grpc.ConnectionManager.ConnectAsync()
2022-04-06 10:05:42.160 +08:00 [SkyWalking_Order] [Information] SkyApm.Transport.Grpc.ConnectionManager : Shutdown connection[192.168.200.104:11800].
2022-04-06 10:05:52.172 +08:00 [SkyWalking_Order] [Error] SkyApm.Transport.Grpc.ConnectionManager : Connect server timeout.
System.Threading.Tasks.TaskCanceledException: Reached deadline.
   at Grpc.Core.Channel.WaitForStateChangedAsync(ChannelState lastObservedState, Nullable`1 deadline)
   at Grpc.Core.Channel.ConnectAsync(Nullable`1 deadline)
   at SkyApm.Transport.Grpc.ConnectionManager.ConnectAsync()
2022-04-06 10:05:57.176 +08:00 [SkyWalking_Order] [Information] SkyApm.Transport.Grpc.ConnectionManager : Shutdown connection[192.168.200.104:11800].
2022-04-06 10:06:07.192 +08:00 [SkyWalking_Order] [Error] SkyApm.Transport.Grpc.ConnectionManager : Connect server timeout.
System.Threading.Tasks.TaskCanceledException: Reached deadline.
   at Grpc.Core.Channel.WaitForStateChangedAsync(ChannelState lastObservedState, Nullable`1 deadline)
   at Grpc.Core.Channel.ConnectAsync(Nullable`1 deadline)
   at SkyApm.Transport.Grpc.ConnectionManager.ConnectAsync()
2022-04-06 10:06:12.158 +08:00 [SkyWalking_Order] [Information] SkyApm.Transport.Grpc.ConnectionManager : Shutdown connection[192.168.200.104:11800].
2022-04-06 10:06:22.175 +08:00 [SkyWalking_Order] [Error] SkyApm.Transport.Grpc.ConnectionManager : Connect server timeout.
System.Threading.Tasks.TaskCanceledException: Reached deadline.
   at Grpc.Core.Channel.WaitForStateChangedAsync(ChannelState lastObservedState, Nullable`1 deadline)
   at Grpc.Core.Channel.ConnectAsync(Nullable`1 deadline)
   at SkyApm.Transport.Grpc.ConnectionManager.ConnectAsync()
2022-04-06 10:06:27.159 +08:00 [SkyWalking_Order] [Information] SkyApm.Transport.Grpc.ConnectionManager : Shutdown connection[192.168.200.104:11800].
2022-04-06 10:06:37.171 +08:00 [SkyWalking_Order] [Error] SkyApm.Transport.Grpc.ConnectionManager : Connect server timeout.
System.Threading.Tasks.TaskCanceledException: Reached deadline.
   at Grpc.Core.Channel.WaitForStateChangedAsync(ChannelState lastObservedState, Nullable`1 deadline)
   at Grpc.Core.Channel.ConnectAsync(Nullable`1 deadline)
   at SkyApm.Transport.Grpc.ConnectionManager.ConnectAsync()
2022-04-06 10:06:42.146 +08:00 [SkyWalking_Order] [Information] SkyApm.Transport.Grpc.ConnectionManager : Shutdown connection[192.168.200.104:11800].
2022-04-06 10:06:52.159 +08:00 [SkyWalking_Order] [Error] SkyApm.Transport.Grpc.ConnectionManager : Connect server timeout.
System.Threading.Tasks.TaskCanceledException: Reached deadline.
   at Grpc.Core.Channel.WaitForStateChangedAsync(ChannelState lastObservedState, Nullable`1 deadline)
   at Grpc.Core.Channel.ConnectAsync(Nullable`1 deadline)
   at SkyApm.Transport.Grpc.ConnectionManager.ConnectAsync()
2022-04-06 10:06:57.155 +08:00 [SkyWalking_Order] [Information] SkyApm.Transport.Grpc.ConnectionManager : Shutdown connection[192.168.200.104:11800].
2022-04-06 10:07:07.170 +08:00 [SkyWalking_Order] [Error] SkyApm.Transport.Grpc.ConnectionManager : Connect server timeout.
System.Threading.Tasks.TaskCanceledException: Reached deadline.
   at Grpc.Core.Channel.WaitForStateChangedAsync(ChannelState lastObservedState, Nullable`1 deadline)
   at Grpc.Core.Channel.ConnectAsync(Nullable`1 deadline)
   at SkyApm.Transport.Grpc.ConnectionManager.ConnectAsync()
2022-04-06 10:07:12.158 +08:00 [SkyWalking_Order] [Information] SkyApm.Transport.Grpc.ConnectionManager : Shutdown connection[192.168.200.104:11800].
2022-04-06 10:07:22.170 +08:00 [SkyWalking_Order] [Error] SkyApm.Transport.Grpc.ConnectionManager : Connect server timeout.
System.Threading.Tasks.TaskCanceledException: Reached deadline.
   at Grpc.Core.Channel.WaitForStateChangedAsync(ChannelState lastObservedState, Nullable`1 deadline)
   at Grpc.Core.Channel.ConnectAsync(Nullable`1 deadline)
   at SkyApm.Transport.Grpc.ConnectionManager.ConnectAsync()
2022-04-06 10:07:27.159 +08:00 [SkyWalking_Order] [Information] SkyApm.Transport.Grpc.ConnectionManager : Shutdown connection[192.168.200.104:11800].
2022-04-06 10:08:27.980 +08:00 [SkyWalking_Order] [Information] SkyApm.InstrumentStartup : Initializing ...
2022-04-06 10:08:28.001 +08:00 [SkyWalking_Order] [Information] SkyApm.Service.RegisterService : Loaded instrument service [SkyApm.Service.RegisterService].
2022-04-06 10:08:28.001 +08:00 [SkyWalking_Order] [Information] SkyApm.Service.PingService : Loaded instrument service [SkyApm.Service.PingService].
2022-04-06 10:08:28.001 +08:00 [SkyWalking_Order] [Information] SkyApm.Service.SegmentReportService : Loaded instrument service [SkyApm.Service.SegmentReportService].
2022-04-06 10:08:28.001 +08:00 [SkyWalking_Order] [Information] SkyApm.Service.CLRStatsService : Loaded instrument service [SkyApm.Service.CLRStatsService].
2022-04-06 10:08:28.001 +08:00 [SkyWalking_Order] [Information] SkyApm.Sampling.SimpleCountSamplingInterceptor : Loaded instrument service [SkyApm.Sampling.SimpleCountSamplingInterceptor].
2022-04-06 10:08:28.001 +08:00 [SkyWalking_Order] [Information] SkyApm.Transport.Grpc.ConnectService : Loaded instrument service [SkyApm.Transport.Grpc.ConnectService].
2022-04-06 10:08:28.021 +08:00 [SkyWalking_Order] [Information] SkyApm.Diagnostics.TracingDiagnosticProcessorObserver : Loaded diagnostic listener [Microsoft.AspNetCore].
2022-04-06 10:08:28.021 +08:00 [SkyWalking_Order] [Information] SkyApm.InstrumentStartup : Started SkyAPM .NET Core Agent.
2022-04-06 10:08:28.039 +08:00 [SkyWalking_Order] [Information] SkyApm.Diagnostics.TracingDiagnosticProcessorObserver : Loaded diagnostic listener [HttpHandlerDiagnosticListener].
2022-04-06 10:08:38.059 +08:00 [SkyWalking_Order] [Error] SkyApm.Transport.Grpc.ConnectionManager : Connect server timeout.
System.Threading.Tasks.TaskCanceledException: Reached deadline.
   at Grpc.Core.Channel.WaitForStateChangedAsync(ChannelState lastObservedState, Nullable`1 deadline)
   at Grpc.Core.Channel.ConnectAsync(Nullable`1 deadline)
   at SkyApm.Transport.Grpc.ConnectionManager.ConnectAsync()
2022-04-06 10:08:43.014 +08:00 [SkyWalking_Order] [Information] SkyApm.Transport.Grpc.ConnectionManager : Shutdown connection[192.168.200.104:11800].
2022-04-06 10:08:53.019 +08:00 [SkyWalking_Order] [Error] SkyApm.Transport.Grpc.ConnectionManager : Connect server timeout.
System.Threading.Tasks.TaskCanceledException: Reached deadline.
   at Grpc.Core.Channel.WaitForStateChangedAsync(ChannelState lastObservedState, Nullable`1 deadline)
   at Grpc.Core.Channel.ConnectAsync(Nullable`1 deadline)
   at SkyApm.Transport.Grpc.ConnectionManager.ConnectAsync()
2022-04-06 10:08:58.010 +08:00 [SkyWalking_Order] [Information] SkyApm.Transport.Grpc.ConnectionManager : Shutdown connection[192.168.200.104:11800].
2022-04-06 10:09:08.016 +08:00 [SkyWalking_Order] [Error] SkyApm.Transport.Grpc.ConnectionManager : Connect server timeout.
System.Threading.Tasks.TaskCanceledException: Reached deadline.
   at Grpc.Core.Channel.WaitForStateChangedAsync(ChannelState lastObservedState, Nullable`1 deadline)
   at Grpc.Core.Channel.ConnectAsync(Nullable`1 deadline)
   at SkyApm.Transport.Grpc.ConnectionManager.ConnectAsync()
2022-04-06 10:09:13.008 +08:00 [SkyWalking_Order] [Information] SkyApm.Transport.Grpc.ConnectionManager : Shutdown connection[192.168.200.104:11800].
2022-04-06 10:09:23.011 +08:00 [SkyWalking_Order] [Error] SkyApm.Transport.Grpc.ConnectionManager : Connect server timeout.
System.Threading.Tasks.TaskCanceledException: Reached deadline.
   at Grpc.Core.Channel.WaitForStateChangedAsync(ChannelState lastObservedState, Nullable`1 deadline)
   at Grpc.Core.Channel.ConnectAsync(Nullable`1 deadline)
   at SkyApm.Transport.Grpc.ConnectionManager.ConnectAsync()
2022-04-06 10:09:28.013 +08:00 [SkyWalking_Order] [Information] SkyApm.Transport.Grpc.ConnectionManager : Shutdown connection[192.168.200.104:11800].
2022-04-06 10:09:38.019 +08:00 [SkyWalking_Order] [Error] SkyApm.Transport.Grpc.ConnectionManager : Connect server timeout.
System.Threading.Tasks.TaskCanceledException: Reached deadline.
   at Grpc.Core.Channel.WaitForStateChangedAsync(ChannelState lastObservedState, Nullable`1 deadline)
   at Grpc.Core.Channel.ConnectAsync(Nullable`1 deadline)
   at SkyApm.Transport.Grpc.ConnectionManager.ConnectAsync()
2022-04-06 10:09:43.015 +08:00 [SkyWalking_Order] [Information] SkyApm.Transport.Grpc.ConnectionManager : Shutdown connection[192.168.200.104:11800].
2022-04-06 10:09:53.019 +08:00 [SkyWalking_Order] [Error] SkyApm.Transport.Grpc.ConnectionManager : Connect server timeout.
System.Threading.Tasks.TaskCanceledException: Reached deadline.
   at Grpc.Core.Channel.WaitForStateChangedAsync(ChannelState lastObservedState, Nullable`1 deadline)
   at Grpc.Core.Channel.ConnectAsync(Nullable`1 deadline)
   at SkyApm.Transport.Grpc.ConnectionManager.ConnectAsync()
2022-04-06 10:09:58.011 +08:00 [SkyWalking_Order] [Information] SkyApm.Transport.Grpc.ConnectionManager : Shutdown connection[192.168.200.104:11800].
2022-04-06 10:10:08.025 +08:00 [SkyWalking_Order] [Error] SkyApm.Transport.Grpc.ConnectionManager : Connect server timeout.
System.Threading.Tasks.TaskCanceledException: Reached deadline.
   at Grpc.Core.Channel.WaitForStateChangedAsync(ChannelState lastObservedState, Nullable`1 deadline)
   at Grpc.Core.Channel.ConnectAsync(Nullable`1 deadline)
   at SkyApm.Transport.Grpc.ConnectionManager.ConnectAsync()
2022-04-06 10:10:13.009 +08:00 [SkyWalking_Order] [Information] SkyApm.Transport.Grpc.ConnectionManager : Shutdown connection[192.168.200.104:11800].
2022-04-06 10:10:23.014 +08:00 [SkyWalking_Order] [Error] SkyApm.Transport.Grpc.ConnectionManager : Connect server timeout.
System.Threading.Tasks.TaskCanceledException: Reached deadline.
   at Grpc.Core.Channel.WaitForStateChangedAsync(ChannelState lastObservedState, Nullable`1 deadline)
   at Grpc.Core.Channel.ConnectAsync(Nullable`1 deadline)
   at SkyApm.Transport.Grpc.ConnectionManager.ConnectAsync()
2022-04-06 10:10:28.010 +08:00 [SkyWalking_Order] [Information] SkyApm.Transport.Grpc.ConnectionManager : Shutdown connection[192.168.200.104:11800].
2022-04-06 10:10:38.016 +08:00 [SkyWalking_Order] [Error] SkyApm.Transport.Grpc.ConnectionManager : Connect server timeout.
System.Threading.Tasks.TaskCanceledException: Reached deadline.
   at Grpc.Core.Channel.WaitForStateChangedAsync(ChannelState lastObservedState, Nullable`1 deadline)
   at Grpc.Core.Channel.ConnectAsync(Nullable`1 deadline)
   at SkyApm.Transport.Grpc.ConnectionManager.ConnectAsync()
2022-04-06 10:10:43.010 +08:00 [SkyWalking_Order] [Information] SkyApm.Transport.Grpc.ConnectionManager : Shutdown connection[192.168.200.104:11800].
2022-04-06 10:10:53.015 +08:00 [SkyWalking_Order] [Error] SkyApm.Transport.Grpc.ConnectionManager : Connect server timeout.
System.Threading.Tasks.TaskCanceledException: Reached deadline.
   at Grpc.Core.Channel.WaitForStateChangedAsync(ChannelState lastObservedState, Nullable`1 deadline)
   at Grpc.Core.Channel.ConnectAsync(Nullable`1 deadline)
   at SkyApm.Transport.Grpc.ConnectionManager.ConnectAsync()
2022-04-06 10:10:58.009 +08:00 [SkyWalking_Order] [Information] SkyApm.Transport.Grpc.ConnectionManager : Shutdown connection[192.168.200.104:11800].
2022-04-06 10:11:08.014 +08:00 [SkyWalking_Order] [Error] SkyApm.Transport.Grpc.ConnectionManager : Connect server timeout.
System.Threading.Tasks.TaskCanceledException: Reached deadline.
   at Grpc.Core.Channel.WaitForStateChangedAsync(ChannelState lastObservedState, Nullable`1 deadline)
   at Grpc.Core.Channel.ConnectAsync(Nullable`1 deadline)
   at SkyApm.Transport.Grpc.ConnectionManager.ConnectAsync()
2022-04-06 10:11:13.017 +08:00 [SkyWalking_Order] [Information] SkyApm.Transport.Grpc.ConnectionManager : Shutdown connection[192.168.200.104:11800].
2022-04-06 10:11:23.022 +08:00 [SkyWalking_Order] [Error] SkyApm.Transport.Grpc.ConnectionManager : Connect server timeout.
System.Threading.Tasks.TaskCanceledException: Reached deadline.
   at Grpc.Core.Channel.WaitForStateChangedAsync(ChannelState lastObservedState, Nullable`1 deadline)
   at Grpc.Core.Channel.ConnectAsync(Nullable`1 deadline)
   at SkyApm.Transport.Grpc.ConnectionManager.ConnectAsync()
2022-04-06 10:11:28.013 +08:00 [SkyWalking_Order] [Information] SkyApm.Transport.Grpc.ConnectionManager : Shutdown connection[192.168.200.104:11800].
2022-04-06 10:11:38.018 +08:00 [SkyWalking_Order] [Error] SkyApm.Transport.Grpc.ConnectionManager : Connect server timeout.
System.Threading.Tasks.TaskCanceledException: Reached deadline.
   at Grpc.Core.Channel.WaitForStateChangedAsync(ChannelState lastObservedState, Nullable`1 deadline)
   at Grpc.Core.Channel.ConnectAsync(Nullable`1 deadline)
   at SkyApm.Transport.Grpc.ConnectionManager.ConnectAsync()
2022-04-06 10:11:43.012 +08:00 [SkyWalking_Order] [Information] SkyApm.Transport.Grpc.ConnectionManager : Shutdown connection[192.168.200.104:11800].
2022-04-06 10:11:43.288 +08:00 [SkyWalking_Order] [Information] SkyApm.Service.RegisterService : Stopped instrument service RegisterService.
2022-04-06 10:11:43.288 +08:00 [SkyWalking_Order] [Information] SkyApm.Service.PingService : Stopped instrument service PingService.
2022-04-06 10:11:43.288 +08:00 [SkyWalking_Order] [Information] SkyApm.Service.SegmentReportService : Stopped instrument service SegmentReportService.
2022-04-06 10:11:43.288 +08:00 [SkyWalking_Order] [Information] SkyApm.Service.CLRStatsService : Stopped instrument service CLRStatsService.
2022-04-06 10:11:43.288 +08:00 [SkyWalking_Order] [Information] SkyApm.Sampling.SimpleCountSamplingInterceptor : Stopped instrument service SimpleCountSamplingInterceptor.
2022-04-06 10:11:43.288 +08:00 [SkyWalking_Order] [Information] SkyApm.Transport.Grpc.ConnectService : Stopped instrument service ConnectService.
2022-04-06 10:11:43.288 +08:00 [SkyWalking_Order] [Information] SkyApm.InstrumentStartup : Stopped SkyAPM .NET Core Agent.
2022-04-06 10:11:50.388 +08:00 [SkyWalking_Order] [Information] SkyApm.InstrumentStartup : Initializing ...
2022-04-06 10:11:50.419 +08:00 [SkyWalking_Order] [Information] SkyApm.Service.RegisterService : Loaded instrument service [SkyApm.Service.RegisterService].
2022-04-06 10:11:50.423 +08:00 [SkyWalking_Order] [Information] SkyApm.Service.PingService : Loaded instrument service [SkyApm.Service.PingService].
2022-04-06 10:11:50.423 +08:00 [SkyWalking_Order] [Information] SkyApm.Service.SegmentReportService : Loaded instrument service [SkyApm.Service.SegmentReportService].
2022-04-06 10:11:50.423 +08:00 [SkyWalking_Order] [Information] SkyApm.Service.CLRStatsService : Loaded instrument service [SkyApm.Service.CLRStatsService].
2022-04-06 10:11:50.423 +08:00 [SkyWalking_Order] [Information] SkyApm.Sampling.SimpleCountSamplingInterceptor : Loaded instrument service [SkyApm.Sampling.SimpleCountSamplingInterceptor].
2022-04-06 10:11:50.423 +08:00 [SkyWalking_Order] [Information] SkyApm.Transport.Grpc.ConnectService : Loaded instrument service [SkyApm.Transport.Grpc.ConnectService].
2022-04-06 10:11:50.472 +08:00 [SkyWalking_Order] [Information] SkyApm.Diagnostics.TracingDiagnosticProcessorObserver : Loaded diagnostic listener [Microsoft.AspNetCore].
2022-04-06 10:11:50.473 +08:00 [SkyWalking_Order] [Information] SkyApm.InstrumentStartup : Started SkyAPM .NET Core Agent.
2022-04-06 10:11:50.549 +08:00 [SkyWalking_Order] [Information] SkyApm.Diagnostics.TracingDiagnosticProcessorObserver : Loaded diagnostic listener [HttpHandlerDiagnosticListener].
2022-04-06 10:12:00.583 +08:00 [SkyWalking_Order] [Error] SkyApm.Transport.Grpc.ConnectionManager : Connect server timeout.
System.Threading.Tasks.TaskCanceledException: Reached deadline.
   at Grpc.Core.Channel.WaitForStateChangedAsync(ChannelState lastObservedState, Nullable`1 deadline)
   at Grpc.Core.Channel.ConnectAsync(Nullable`1 deadline)
   at SkyApm.Transport.Grpc.ConnectionManager.ConnectAsync()
2022-04-06 10:12:05.448 +08:00 [SkyWalking_Order] [Information] SkyApm.Transport.Grpc.ConnectionManager : Shutdown connection[192.168.200.104:11800].
2022-04-06 10:12:15.458 +08:00 [SkyWalking_Order] [Error] SkyApm.Transport.Grpc.ConnectionManager : Connect server timeout.
System.Threading.Tasks.TaskCanceledException: Reached deadline.
   at Grpc.Core.Channel.WaitForStateChangedAsync(ChannelState lastObservedState, Nullable`1 deadline)
   at Grpc.Core.Channel.ConnectAsync(Nullable`1 deadline)
   at SkyApm.Transport.Grpc.ConnectionManager.ConnectAsync()
2022-04-06 10:12:20.443 +08:00 [SkyWalking_Order] [Information] SkyApm.Transport.Grpc.ConnectionManager : Shutdown connection[192.168.200.104:11800].
2022-04-06 10:12:30.452 +08:00 [SkyWalking_Order] [Error] SkyApm.Transport.Grpc.ConnectionManager : Connect server timeout.
System.Threading.Tasks.TaskCanceledException: Reached deadline.
   at Grpc.Core.Channel.WaitForStateChangedAsync(ChannelState lastObservedState, Nullable`1 deadline)
   at Grpc.Core.Channel.ConnectAsync(Nullable`1 deadline)
   at SkyApm.Transport.Grpc.ConnectionManager.ConnectAsync()
2022-04-06 10:12:35.449 +08:00 [SkyWalking_Order] [Information] SkyApm.Transport.Grpc.ConnectionManager : Shutdown connection[192.168.200.104:11800].
2022-04-06 10:12:45.459 +08:00 [SkyWalking_Order] [Error] SkyApm.Transport.Grpc.ConnectionManager : Connect server timeout.
System.Threading.Tasks.TaskCanceledException: Reached deadline.
   at Grpc.Core.Channel.WaitForStateChangedAsync(ChannelState lastObservedState, Nullable`1 deadline)
   at Grpc.Core.Channel.ConnectAsync(Nullable`1 deadline)
   at SkyApm.Transport.Grpc.ConnectionManager.ConnectAsync()
2022-04-06 10:12:50.442 +08:00 [SkyWalking_Order] [Information] SkyApm.Transport.Grpc.ConnectionManager : Shutdown connection[192.168.200.104:11800].
2022-04-06 10:13:00.455 +08:00 [SkyWalking_Order] [Error] SkyApm.Transport.Grpc.ConnectionManager : Connect server timeout.
System.Threading.Tasks.TaskCanceledException: Reached deadline.
   at Grpc.Core.Channel.WaitForStateChangedAsync(ChannelState lastObservedState, Nullable`1 deadline)
   at Grpc.Core.Channel.ConnectAsync(Nullable`1 deadline)
   at SkyApm.Transport.Grpc.ConnectionManager.ConnectAsync()
2022-04-06 10:13:32.182 +08:00 [SkyWalking_Order] [Information] SkyApm.InstrumentStartup : Initializing ...
2022-04-06 10:13:32.215 +08:00 [SkyWalking_Order] [Information] SkyApm.Service.RegisterService : Loaded instrument service [SkyApm.Service.RegisterService].
2022-04-06 10:13:32.217 +08:00 [SkyWalking_Order] [Information] SkyApm.Service.PingService : Loaded instrument service [SkyApm.Service.PingService].
2022-04-06 10:13:32.217 +08:00 [SkyWalking_Order] [Information] SkyApm.Service.SegmentReportService : Loaded instrument service [SkyApm.Service.SegmentReportService].
2022-04-06 10:13:32.218 +08:00 [SkyWalking_Order] [Information] SkyApm.Service.CLRStatsService : Loaded instrument service [SkyApm.Service.CLRStatsService].
2022-04-06 10:13:32.218 +08:00 [SkyWalking_Order] [Information] SkyApm.Sampling.SimpleCountSamplingInterceptor : Loaded instrument service [SkyApm.Sampling.SimpleCountSamplingInterceptor].
2022-04-06 10:13:32.218 +08:00 [SkyWalking_Order] [Information] SkyApm.Transport.Grpc.ConnectService : Loaded instrument service [SkyApm.Transport.Grpc.ConnectService].
2022-04-06 10:13:32.283 +08:00 [SkyWalking_Order] [Information] SkyApm.Diagnostics.TracingDiagnosticProcessorObserver : Loaded diagnostic listener [Microsoft.AspNetCore].
2022-04-06 10:13:32.283 +08:00 [SkyWalking_Order] [Information] SkyApm.InstrumentStartup : Started SkyAPM .NET Core Agent.
2022-04-06 10:13:32.345 +08:00 [SkyWalking_Order] [Information] SkyApm.Diagnostics.TracingDiagnosticProcessorObserver : Loaded diagnostic listener [HttpHandlerDiagnosticListener].
2022-04-06 10:14:03.284 +08:00 [SkyWalking_Order] [Information] SkyApm.InstrumentStartup : Initializing ...
2022-04-06 10:14:03.316 +08:00 [SkyWalking_Order] [Information] SkyApm.Service.RegisterService : Loaded instrument service [SkyApm.Service.RegisterService].
2022-04-06 10:14:03.319 +08:00 [SkyWalking_Order] [Information] SkyApm.Service.PingService : Loaded instrument service [SkyApm.Service.PingService].
2022-04-06 10:14:03.319 +08:00 [SkyWalking_Order] [Information] SkyApm.Service.SegmentReportService : Loaded instrument service [SkyApm.Service.SegmentReportService].
2022-04-06 10:14:03.319 +08:00 [SkyWalking_Order] [Information] SkyApm.Service.CLRStatsService : Loaded instrument service [SkyApm.Service.CLRStatsService].
2022-04-06 10:14:03.319 +08:00 [SkyWalking_Order] [Information] SkyApm.Sampling.SimpleCountSamplingInterceptor : Loaded instrument service [SkyApm.Sampling.SimpleCountSamplingInterceptor].
2022-04-06 10:14:03.319 +08:00 [SkyWalking_Order] [Information] SkyApm.Transport.Grpc.ConnectService : Loaded instrument service [SkyApm.Transport.Grpc.ConnectService].
2022-04-06 10:14:03.360 +08:00 [SkyWalking_Order] [Information] SkyApm.Diagnostics.TracingDiagnosticProcessorObserver : Loaded diagnostic listener [Microsoft.AspNetCore].
2022-04-06 10:14:03.360 +08:00 [SkyWalking_Order] [Information] SkyApm.InstrumentStartup : Started SkyAPM .NET Core Agent.
2022-04-06 10:14:03.424 +08:00 [SkyWalking_Order] [Information] SkyApm.Diagnostics.TracingDiagnosticProcessorObserver : Loaded diagnostic listener [HttpHandlerDiagnosticListener].
2022-04-06 10:14:13.479 +08:00 [SkyWalking_Order] [Error] SkyApm.Transport.Grpc.ConnectionManager : Connect server timeout.
System.Threading.Tasks.TaskCanceledException: Reached deadline.
   at Grpc.Core.Channel.WaitForStateChangedAsync(ChannelState lastObservedState, Nullable`1 deadline)
   at Grpc.Core.Channel.ConnectAsync(Nullable`1 deadline)
   at SkyApm.Transport.Grpc.ConnectionManager.ConnectAsync()
2022-04-06 10:14:18.340 +08:00 [SkyWalking_Order] [Information] SkyApm.Transport.Grpc.ConnectionManager : Shutdown connection[192.168.200.104:11800].
2022-04-06 10:14:28.349 +08:00 [SkyWalking_Order] [Error] SkyApm.Transport.Grpc.ConnectionManager : Connect server timeout.
System.Threading.Tasks.TaskCanceledException: Reached deadline.
   at Grpc.Core.Channel.WaitForStateChangedAsync(ChannelState lastObservedState, Nullable`1 deadline)
   at Grpc.Core.Channel.ConnectAsync(Nullable`1 deadline)
   at SkyApm.Transport.Grpc.ConnectionManager.ConnectAsync()
2022-04-06 10:14:33.339 +08:00 [SkyWalking_Order] [Information] SkyApm.Transport.Grpc.ConnectionManager : Shutdown connection[192.168.200.104:11800].
2022-04-06 10:15:26.131 +08:00 [SkyWalking_Order] [Information] SkyApm.InstrumentStartup : Initializing ...
2022-04-06 10:15:26.164 +08:00 [SkyWalking_Order] [Information] SkyApm.Service.RegisterService : Loaded instrument service [SkyApm.Service.RegisterService].
2022-04-06 10:15:26.168 +08:00 [SkyWalking_Order] [Information] SkyApm.Service.PingService : Loaded instrument service [SkyApm.Service.PingService].
2022-04-06 10:15:26.168 +08:00 [SkyWalking_Order] [Information] SkyApm.Service.SegmentReportService : Loaded instrument service [SkyApm.Service.SegmentReportService].
2022-04-06 10:15:26.168 +08:00 [SkyWalking_Order] [Information] SkyApm.Service.CLRStatsService : Loaded instrument service [SkyApm.Service.CLRStatsService].
2022-04-06 10:15:26.169 +08:00 [SkyWalking_Order] [Information] SkyApm.Sampling.SimpleCountSamplingInterceptor : Loaded instrument service [SkyApm.Sampling.SimpleCountSamplingInterceptor].
2022-04-06 10:15:26.171 +08:00 [SkyWalking_Order] [Information] SkyApm.Transport.Grpc.ConnectService : Loaded instrument service [SkyApm.Transport.Grpc.ConnectService].
2022-04-06 10:15:26.237 +08:00 [SkyWalking_Order] [Information] SkyApm.Diagnostics.TracingDiagnosticProcessorObserver : Loaded diagnostic listener [Microsoft.AspNetCore].
2022-04-06 10:15:26.238 +08:00 [SkyWalking_Order] [Information] SkyApm.InstrumentStartup : Started SkyAPM .NET Core Agent.
2022-04-06 10:15:26.312 +08:00 [SkyWalking_Order] [Information] SkyApm.Diagnostics.TracingDiagnosticProcessorObserver : Loaded diagnostic listener [HttpHandlerDiagnosticListener].
2022-04-06 10:15:36.345 +08:00 [SkyWalking_Order] [Error] SkyApm.Transport.Grpc.ConnectionManager : Connect server timeout.
System.Threading.Tasks.TaskCanceledException: Reached deadline.
   at Grpc.Core.Channel.WaitForStateChangedAsync(ChannelState lastObservedState, Nullable`1 deadline)
   at Grpc.Core.Channel.ConnectAsync(Nullable`1 deadline)
   at SkyApm.Transport.Grpc.ConnectionManager.ConnectAsync()
2022-04-06 10:23:39.721 +08:00 [SkyWalking_Order] [Information] SkyApm.InstrumentStartup : Initializing ...
2022-04-06 10:23:39.782 +08:00 [SkyWalking_Order] [Information] SkyApm.Service.RegisterService : Loaded instrument service [SkyApm.Service.RegisterService].
2022-04-06 10:23:39.787 +08:00 [SkyWalking_Order] [Information] SkyApm.Service.PingService : Loaded instrument service [SkyApm.Service.PingService].
2022-04-06 10:23:39.787 +08:00 [SkyWalking_Order] [Information] SkyApm.Service.SegmentReportService : Loaded instrument service [SkyApm.Service.SegmentReportService].
2022-04-06 10:23:39.787 +08:00 [SkyWalking_Order] [Information] SkyApm.Service.CLRStatsService : Loaded instrument service [SkyApm.Service.CLRStatsService].
2022-04-06 10:23:39.787 +08:00 [SkyWalking_Order] [Information] SkyApm.Sampling.SimpleCountSamplingInterceptor : Loaded instrument service [SkyApm.Sampling.SimpleCountSamplingInterceptor].
2022-04-06 10:23:39.787 +08:00 [SkyWalking_Order] [Information] SkyApm.Transport.Grpc.ConnectService : Loaded instrument service [SkyApm.Transport.Grpc.ConnectService].
2022-04-06 10:23:39.839 +08:00 [SkyWalking_Order] [Information] SkyApm.Diagnostics.TracingDiagnosticProcessorObserver : Loaded diagnostic listener [Microsoft.AspNetCore].
2022-04-06 10:23:39.839 +08:00 [SkyWalking_Order] [Information] SkyApm.InstrumentStartup : Started SkyAPM .NET Core Agent.
2022-04-06 10:23:39.927 +08:00 [SkyWalking_Order] [Information] SkyApm.Diagnostics.TracingDiagnosticProcessorObserver : Loaded diagnostic listener [HttpHandlerDiagnosticListener].
2022-04-06 10:23:49.960 +08:00 [SkyWalking_Order] [Error] SkyApm.Transport.Grpc.ConnectionManager : Connect server timeout.
System.Threading.Tasks.TaskCanceledException: Reached deadline.
   at Grpc.Core.Channel.WaitForStateChangedAsync(ChannelState lastObservedState, Nullable`1 deadline)
   at Grpc.Core.Channel.ConnectAsync(Nullable`1 deadline)
   at SkyApm.Transport.Grpc.ConnectionManager.ConnectAsync()
2022-04-06 10:23:54.822 +08:00 [SkyWalking_Order] [Information] SkyApm.Transport.Grpc.ConnectionManager : Shutdown connection[192.168.200.104:11800].
2022-04-06 10:24:44.099 +08:00 [SkyWalking_Order] [Information] SkyApm.InstrumentStartup : Initializing ...
2022-04-06 10:24:44.122 +08:00 [SkyWalking_Order] [Information] SkyApm.Service.RegisterService : Loaded instrument service [SkyApm.Service.RegisterService].
2022-04-06 10:24:44.123 +08:00 [SkyWalking_Order] [Information] SkyApm.Service.PingService : Loaded instrument service [SkyApm.Service.PingService].
2022-04-06 10:24:44.123 +08:00 [SkyWalking_Order] [Information] SkyApm.Service.SegmentReportService : Loaded instrument service [SkyApm.Service.SegmentReportService].
2022-04-06 10:24:44.123 +08:00 [SkyWalking_Order] [Information] SkyApm.Service.CLRStatsService : Loaded instrument service [SkyApm.Service.CLRStatsService].
2022-04-06 10:24:44.123 +08:00 [SkyWalking_Order] [Information] SkyApm.Sampling.SimpleCountSamplingInterceptor : Loaded instrument service [SkyApm.Sampling.SimpleCountSamplingInterceptor].
2022-04-06 10:24:44.123 +08:00 [SkyWalking_Order] [Information] SkyApm.Transport.Grpc.ConnectService : Loaded instrument service [SkyApm.Transport.Grpc.ConnectService].
2022-04-06 10:24:44.144 +08:00 [SkyWalking_Order] [Information] SkyApm.Diagnostics.TracingDiagnosticProcessorObserver : Loaded diagnostic listener [Microsoft.AspNetCore].
2022-04-06 10:24:44.144 +08:00 [SkyWalking_Order] [Information] SkyApm.InstrumentStartup : Started SkyAPM .NET Core Agent.
2022-04-06 10:24:44.166 +08:00 [SkyWalking_Order] [Information] SkyApm.Diagnostics.TracingDiagnosticProcessorObserver : Loaded diagnostic listener [HttpHandlerDiagnosticListener].
2022-04-06 10:24:54.181 +08:00 [SkyWalking_Order] [Error] SkyApm.Transport.Grpc.ConnectionManager : Connect server timeout.
System.Threading.Tasks.TaskCanceledException: Reached deadline.
   at Grpc.Core.Channel.WaitForStateChangedAsync(ChannelState lastObservedState, Nullable`1 deadline)
   at Grpc.Core.Channel.ConnectAsync(Nullable`1 deadline)
   at SkyApm.Transport.Grpc.ConnectionManager.ConnectAsync()
2022-04-06 10:24:59.145 +08:00 [SkyWalking_Order] [Information] SkyApm.Transport.Grpc.ConnectionManager : Shutdown connection[192.168.200.104:11800].
2022-04-06 10:25:09.152 +08:00 [SkyWalking_Order] [Error] SkyApm.Transport.Grpc.ConnectionManager : Connect server timeout.
System.Threading.Tasks.TaskCanceledException: Reached deadline.
   at Grpc.Core.Channel.WaitForStateChangedAsync(ChannelState lastObservedState, Nullable`1 deadline)
   at Grpc.Core.Channel.ConnectAsync(Nullable`1 deadline)
   at SkyApm.Transport.Grpc.ConnectionManager.ConnectAsync()
2022-04-06 10:25:14.132 +08:00 [SkyWalking_Order] [Information] SkyApm.Transport.Grpc.ConnectionManager : Shutdown connection[192.168.200.104:11800].
2022-04-06 10:25:24.136 +08:00 [SkyWalking_Order] [Error] SkyApm.Transport.Grpc.ConnectionManager : Connect server timeout.
System.Threading.Tasks.TaskCanceledException: Reached deadline.
   at Grpc.Core.Channel.WaitForStateChangedAsync(ChannelState lastObservedState, Nullable`1 deadline)
   at Grpc.Core.Channel.ConnectAsync(Nullable`1 deadline)
   at SkyApm.Transport.Grpc.ConnectionManager.ConnectAsync()
2022-04-06 10:25:29.134 +08:00 [SkyWalking_Order] [Information] SkyApm.Transport.Grpc.ConnectionManager : Shutdown connection[192.168.200.104:11800].
2022-04-06 10:25:39.137 +08:00 [SkyWalking_Order] [Error] SkyApm.Transport.Grpc.ConnectionManager : Connect server timeout.
System.Threading.Tasks.TaskCanceledException: Reached deadline.
   at Grpc.Core.Channel.WaitForStateChangedAsync(ChannelState lastObservedState, Nullable`1 deadline)
   at Grpc.Core.Channel.ConnectAsync(Nullable`1 deadline)
   at SkyApm.Transport.Grpc.ConnectionManager.ConnectAsync()
2022-04-06 10:25:44.137 +08:00 [SkyWalking_Order] [Information] SkyApm.Transport.Grpc.ConnectionManager : Shutdown connection[192.168.200.104:11800].
2022-04-06 10:25:54.143 +08:00 [SkyWalking_Order] [Error] SkyApm.Transport.Grpc.ConnectionManager : Connect server timeout.
System.Threading.Tasks.TaskCanceledException: Reached deadline.
   at Grpc.Core.Channel.WaitForStateChangedAsync(ChannelState lastObservedState, Nullable`1 deadline)
   at Grpc.Core.Channel.ConnectAsync(Nullable`1 deadline)
   at SkyApm.Transport.Grpc.ConnectionManager.ConnectAsync()
2022-04-06 10:25:59.137 +08:00 [SkyWalking_Order] [Information] SkyApm.Transport.Grpc.ConnectionManager : Shutdown connection[192.168.200.104:11800].
2022-04-06 10:26:09.139 +08:00 [SkyWalking_Order] [Error] SkyApm.Transport.Grpc.ConnectionManager : Connect server timeout.
System.Threading.Tasks.TaskCanceledException: Reached deadline.
   at Grpc.Core.Channel.WaitForStateChangedAsync(ChannelState lastObservedState, Nullable`1 deadline)
   at Grpc.Core.Channel.ConnectAsync(Nullable`1 deadline)
   at SkyApm.Transport.Grpc.ConnectionManager.ConnectAsync()
2022-04-06 10:26:14.138 +08:00 [SkyWalking_Order] [Information] SkyApm.Transport.Grpc.ConnectionManager : Shutdown connection[192.168.200.104:11800].
2022-04-06 10:26:24.141 +08:00 [SkyWalking_Order] [Error] SkyApm.Transport.Grpc.ConnectionManager : Connect server timeout.
System.Threading.Tasks.TaskCanceledException: Reached deadline.
   at Grpc.Core.Channel.WaitForStateChangedAsync(ChannelState lastObservedState, Nullable`1 deadline)
   at Grpc.Core.Channel.ConnectAsync(Nullable`1 deadline)
   at SkyApm.Transport.Grpc.ConnectionManager.ConnectAsync()
2022-04-06 10:26:29.134 +08:00 [SkyWalking_Order] [Information] SkyApm.Transport.Grpc.ConnectionManager : Shutdown connection[192.168.200.104:11800].
2022-04-06 10:26:39.141 +08:00 [SkyWalking_Order] [Error] SkyApm.Transport.Grpc.ConnectionManager : Connect server timeout.
System.Threading.Tasks.TaskCanceledException: Reached deadline.
   at Grpc.Core.Channel.WaitForStateChangedAsync(ChannelState lastObservedState, Nullable`1 deadline)
   at Grpc.Core.Channel.ConnectAsync(Nullable`1 deadline)
   at SkyApm.Transport.Grpc.ConnectionManager.ConnectAsync()
2022-04-06 10:26:44.126 +08:00 [SkyWalking_Order] [Information] SkyApm.Transport.Grpc.ConnectionManager : Shutdown connection[192.168.200.104:11800].
2022-04-06 10:26:54.129 +08:00 [SkyWalking_Order] [Error] SkyApm.Transport.Grpc.ConnectionManager : Connect server timeout.
System.Threading.Tasks.TaskCanceledException: Reached deadline.
   at Grpc.Core.Channel.WaitForStateChangedAsync(ChannelState lastObservedState, Nullable`1 deadline)
   at Grpc.Core.Channel.ConnectAsync(Nullable`1 deadline)
   at SkyApm.Transport.Grpc.ConnectionManager.ConnectAsync()
2022-04-06 10:26:59.140 +08:00 [SkyWalking_Order] [Information] SkyApm.Transport.Grpc.ConnectionManager : Shutdown connection[192.168.200.104:11800].
2022-04-06 10:27:09.144 +08:00 [SkyWalking_Order] [Error] SkyApm.Transport.Grpc.ConnectionManager : Connect server timeout.
System.Threading.Tasks.TaskCanceledException: Reached deadline.
   at Grpc.Core.Channel.WaitForStateChangedAsync(ChannelState lastObservedState, Nullable`1 deadline)
   at Grpc.Core.Channel.ConnectAsync(Nullable`1 deadline)
   at SkyApm.Transport.Grpc.ConnectionManager.ConnectAsync()
2022-04-06 10:27:14.124 +08:00 [SkyWalking_Order] [Information] SkyApm.Transport.Grpc.ConnectionManager : Shutdown connection[192.168.200.104:11800].
2022-04-06 10:27:24.128 +08:00 [SkyWalking_Order] [Error] SkyApm.Transport.Grpc.ConnectionManager : Connect server timeout.
System.Threading.Tasks.TaskCanceledException: Reached deadline.
   at Grpc.Core.Channel.WaitForStateChangedAsync(ChannelState lastObservedState, Nullable`1 deadline)
   at Grpc.Core.Channel.ConnectAsync(Nullable`1 deadline)
   at SkyApm.Transport.Grpc.ConnectionManager.ConnectAsync()
2022-04-06 10:27:29.128 +08:00 [SkyWalking_Order] [Information] SkyApm.Transport.Grpc.ConnectionManager : Shutdown connection[192.168.200.104:11800].
2022-04-06 10:27:39.139 +08:00 [SkyWalking_Order] [Error] SkyApm.Transport.Grpc.ConnectionManager : Connect server timeout.
System.Threading.Tasks.TaskCanceledException: Reached deadline.
   at Grpc.Core.Channel.WaitForStateChangedAsync(ChannelState lastObservedState, Nullable`1 deadline)
   at Grpc.Core.Channel.ConnectAsync(Nullable`1 deadline)
   at SkyApm.Transport.Grpc.ConnectionManager.ConnectAsync()
2022-04-06 10:27:44.139 +08:00 [SkyWalking_Order] [Information] SkyApm.Transport.Grpc.ConnectionManager : Shutdown connection[192.168.200.104:11800].
2022-04-06 10:27:54.144 +08:00 [SkyWalking_Order] [Error] SkyApm.Transport.Grpc.ConnectionManager : Connect server timeout.
System.Threading.Tasks.TaskCanceledException: Reached deadline.
   at Grpc.Core.Channel.WaitForStateChangedAsync(ChannelState lastObservedState, Nullable`1 deadline)
   at Grpc.Core.Channel.ConnectAsync(Nullable`1 deadline)
   at SkyApm.Transport.Grpc.ConnectionManager.ConnectAsync()
2022-04-06 10:27:59.145 +08:00 [SkyWalking_Order] [Information] SkyApm.Transport.Grpc.ConnectionManager : Shutdown connection[192.168.200.104:11800].
2022-04-06 10:28:09.150 +08:00 [SkyWalking_Order] [Error] SkyApm.Transport.Grpc.ConnectionManager : Connect server timeout.
System.Threading.Tasks.TaskCanceledException: Reached deadline.
   at Grpc.Core.Channel.WaitForStateChangedAsync(ChannelState lastObservedState, Nullable`1 deadline)
   at Grpc.Core.Channel.ConnectAsync(Nullable`1 deadline)
   at SkyApm.Transport.Grpc.ConnectionManager.ConnectAsync()
2022-04-06 10:28:14.135 +08:00 [SkyWalking_Order] [Information] SkyApm.Transport.Grpc.ConnectionManager : Shutdown connection[192.168.200.104:11800].
2022-04-06 10:28:24.140 +08:00 [SkyWalking_Order] [Error] SkyApm.Transport.Grpc.ConnectionManager : Connect server timeout.
System.Threading.Tasks.TaskCanceledException: Reached deadline.
   at Grpc.Core.Channel.WaitForStateChangedAsync(ChannelState lastObservedState, Nullable`1 deadline)
   at Grpc.Core.Channel.ConnectAsync(Nullable`1 deadline)
   at SkyApm.Transport.Grpc.ConnectionManager.ConnectAsync()
2022-04-06 10:28:29.135 +08:00 [SkyWalking_Order] [Information] SkyApm.Transport.Grpc.ConnectionManager : Shutdown connection[192.168.200.104:11800].
2022-04-06 10:28:39.142 +08:00 [SkyWalking_Order] [Error] SkyApm.Transport.Grpc.ConnectionManager : Connect server timeout.
System.Threading.Tasks.TaskCanceledException: Reached deadline.
   at Grpc.Core.Channel.WaitForStateChangedAsync(ChannelState lastObservedState, Nullable`1 deadline)
   at Grpc.Core.Channel.ConnectAsync(Nullable`1 deadline)
   at SkyApm.Transport.Grpc.ConnectionManager.ConnectAsync()
2022-04-06 10:28:44.137 +08:00 [SkyWalking_Order] [Information] SkyApm.Transport.Grpc.ConnectionManager : Shutdown connection[192.168.200.104:11800].
2022-04-06 10:28:54.143 +08:00 [SkyWalking_Order] [Error] SkyApm.Transport.Grpc.ConnectionManager : Connect server timeout.
System.Threading.Tasks.TaskCanceledException: Reached deadline.
   at Grpc.Core.Channel.WaitForStateChangedAsync(ChannelState lastObservedState, Nullable`1 deadline)
   at Grpc.Core.Channel.ConnectAsync(Nullable`1 deadline)
   at SkyApm.Transport.Grpc.ConnectionManager.ConnectAsync()
2022-04-06 10:28:59.139 +08:00 [SkyWalking_Order] [Information] SkyApm.Transport.Grpc.ConnectionManager : Shutdown connection[192.168.200.104:11800].
2022-04-06 10:29:09.142 +08:00 [SkyWalking_Order] [Error] SkyApm.Transport.Grpc.ConnectionManager : Connect server timeout.
System.Threading.Tasks.TaskCanceledException: Reached deadline.
   at Grpc.Core.Channel.WaitForStateChangedAsync(ChannelState lastObservedState, Nullable`1 deadline)
   at Grpc.Core.Channel.ConnectAsync(Nullable`1 deadline)
   at SkyApm.Transport.Grpc.ConnectionManager.ConnectAsync()
2022-04-06 10:29:14.134 +08:00 [SkyWalking_Order] [Information] SkyApm.Transport.Grpc.ConnectionManager : Shutdown connection[192.168.200.104:11800].
2022-04-06 10:29:24.142 +08:00 [SkyWalking_Order] [Error] SkyApm.Transport.Grpc.ConnectionManager : Connect server timeout.
System.Threading.Tasks.TaskCanceledException: Reached deadline.
   at Grpc.Core.Channel.WaitForStateChangedAsync(ChannelState lastObservedState, Nullable`1 deadline)
   at Grpc.Core.Channel.ConnectAsync(Nullable`1 deadline)
   at SkyApm.Transport.Grpc.ConnectionManager.ConnectAsync()
2022-04-06 10:29:29.135 +08:00 [SkyWalking_Order] [Information] SkyApm.Transport.Grpc.ConnectionManager : Shutdown connection[192.168.200.104:11800].
2022-04-06 10:29:39.137 +08:00 [SkyWalking_Order] [Error] SkyApm.Transport.Grpc.ConnectionManager : Connect server timeout.
System.Threading.Tasks.TaskCanceledException: Reached deadline.
   at Grpc.Core.Channel.WaitForStateChangedAsync(ChannelState lastObservedState, Nullable`1 deadline)
   at Grpc.Core.Channel.ConnectAsync(Nullable`1 deadline)
   at SkyApm.Transport.Grpc.ConnectionManager.ConnectAsync()
2022-04-06 10:29:44.138 +08:00 [SkyWalking_Order] [Information] SkyApm.Transport.Grpc.ConnectionManager : Shutdown connection[192.168.200.104:11800].
2022-04-06 10:29:54.143 +08:00 [SkyWalking_Order] [Error] SkyApm.Transport.Grpc.ConnectionManager : Connect server timeout.
System.Threading.Tasks.TaskCanceledException: Reached deadline.
   at Grpc.Core.Channel.WaitForStateChangedAsync(ChannelState lastObservedState, Nullable`1 deadline)
   at Grpc.Core.Channel.ConnectAsync(Nullable`1 deadline)
   at SkyApm.Transport.Grpc.ConnectionManager.ConnectAsync()
2022-04-06 10:29:59.127 +08:00 [SkyWalking_Order] [Information] SkyApm.Transport.Grpc.ConnectionManager : Shutdown connection[192.168.200.104:11800].
2022-04-06 10:30:09.131 +08:00 [SkyWalking_Order] [Error] SkyApm.Transport.Grpc.ConnectionManager : Connect server timeout.
System.Threading.Tasks.TaskCanceledException: Reached deadline.
   at Grpc.Core.Channel.WaitForStateChangedAsync(ChannelState lastObservedState, Nullable`1 deadline)
   at Grpc.Core.Channel.ConnectAsync(Nullable`1 deadline)
   at SkyApm.Transport.Grpc.ConnectionManager.ConnectAsync()
2022-04-06 10:30:14.136 +08:00 [SkyWalking_Order] [Information] SkyApm.Transport.Grpc.ConnectionManager : Shutdown connection[192.168.200.104:11800].
2022-04-06 10:30:24.142 +08:00 [SkyWalking_Order] [Error] SkyApm.Transport.Grpc.ConnectionManager : Connect server timeout.
System.Threading.Tasks.TaskCanceledException: Reached deadline.
   at Grpc.Core.Channel.WaitForStateChangedAsync(ChannelState lastObservedState, Nullable`1 deadline)
   at Grpc.Core.Channel.ConnectAsync(Nullable`1 deadline)
   at SkyApm.Transport.Grpc.ConnectionManager.ConnectAsync()
2022-04-06 10:30:29.135 +08:00 [SkyWalking_Order] [Information] SkyApm.Transport.Grpc.ConnectionManager : Shutdown connection[192.168.200.104:11800].
2022-04-06 10:30:29.237 +08:00 [SkyWalking_Order] [Information] SkyApm.Service.RegisterService : Stopped instrument service RegisterService.
2022-04-06 10:30:29.238 +08:00 [SkyWalking_Order] [Information] SkyApm.Service.PingService : Stopped instrument service PingService.
2022-04-06 10:30:29.238 +08:00 [SkyWalking_Order] [Information] SkyApm.Service.SegmentReportService : Stopped instrument service SegmentReportService.
2022-04-06 10:30:29.238 +08:00 [SkyWalking_Order] [Information] SkyApm.Service.CLRStatsService : Stopped instrument service CLRStatsService.
2022-04-06 10:30:29.238 +08:00 [SkyWalking_Order] [Information] SkyApm.Sampling.SimpleCountSamplingInterceptor : Stopped instrument service SimpleCountSamplingInterceptor.
2022-04-06 10:30:29.238 +08:00 [SkyWalking_Order] [Information] SkyApm.Transport.Grpc.ConnectService : Stopped instrument service ConnectService.
2022-04-06 10:30:29.238 +08:00 [SkyWalking_Order] [Information] SkyApm.InstrumentStartup : Stopped SkyAPM .NET Core Agent.
